2016-02-08 22:17:56 INFO  Version:37 - HHH000412: Hibernate Core {5.0.7.Final}
2016-02-08 22:17:56 INFO  Environment:213 - HHH000206: hibernate.properties not found
2016-02-08 22:17:56 INFO  Environment:317 - HHH000021: Bytecode provider name : javassist
2016-02-08 22:17:56 WARN  deprecation:91 - HHH90000012: Recognized obsolete hibernate namespace http://hibernate.sourceforge.net/hibernate-configuration. Use namespace http://www.hibernate.org/dtd/hibernate-configuration instead.  Support for obsolete DTD/XSD namespaces may be removed at any time.
2016-02-08 22:17:58 INFO  Version:66 - HCANN000001: Hibernate Commons Annotations {5.0.1.Final}
2016-02-08 22:18:46 INFO  Version:37 - HHH000412: Hibernate Core {5.0.7.Final}
2016-02-08 22:18:46 INFO  Environment:213 - HHH000206: hibernate.properties not found
2016-02-08 22:18:46 INFO  Environment:317 - HHH000021: Bytecode provider name : javassist
2016-02-08 22:18:46 WARN  deprecation:91 - HHH90000012: Recognized obsolete hibernate namespace http://hibernate.sourceforge.net/hibernate-configuration. Use namespace http://www.hibernate.org/dtd/hibernate-configuration instead.  Support for obsolete DTD/XSD namespaces may be removed at any time.
2016-02-08 22:18:47 INFO  Version:66 - HCANN000001: Hibernate Commons Annotations {5.0.1.Final}
2016-02-08 22:18:47 WARN  deprecation:75 - HHH90000012: Recognized obsolete hibernate namespace http://hibernate.sourceforge.net/hibernate-mapping. Use namespace http://www.hibernate.org/dtd/hibernate-mapping instead.  Support for obsolete DTD/XSD namespaces may be removed at any time.
2016-02-08 22:18:51 WARN  connections:71 - HHH10001002: Using Hibernate built-in connection pool (not for production use!)
2016-02-08 22:18:51 INFO  connections:127 - HHH10001005: using driver [org.postgresql.Driver] at URL [jdbc:postgresql://localhost:5432/GestPiz]
2016-02-08 22:18:51 INFO  connections:136 - HHH10001001: Connection properties: {user=postgres, password=****}
2016-02-08 22:18:51 INFO  connections:141 - HHH10001003: Autocommit mode: false
2016-02-08 22:18:51 INFO  DriverManagerConnectionProviderImpl:39 - HHH000115: Hibernate connection pool size: 1 (min=1)
2016-02-08 22:18:51 INFO  Dialect:156 - HHH000400: Using dialect: org.hibernate.dialect.PostgreSQLDialect
2016-02-08 22:18:53 INFO  LobCreatorBuilderImpl:124 - HHH000424: Disabling contextual LOB creation as createClob() method threw error : java.lang.reflect.InvocationTargetException
2016-02-08 22:18:53 INFO  BasicTypeRegistry:138 - HHH000270: Type registration [java.util.UUID] overrides previous : org.hibernate.type.UUIDBinaryType@12f68b
2016-02-08 22:18:53 INFO  EnversServiceImpl:91 - Envers integration enabled? : true
2016-02-08 22:18:56 INFO  SchemaUpdate:105 - HHH000228: Running hbm2ddl schema update
2016-02-08 22:18:57 INFO  InformationExtractorJdbcDatabaseMetaDataImpl:365 - HHH000262: Table not found: CANDIDATURES
2016-02-08 22:18:57 INFO  InformationExtractorJdbcDatabaseMetaDataImpl:365 - HHH000262: Table not found: CANDIDATURES
2016-02-08 23:19:16 INFO  Version:37 - HHH000412: Hibernate Core {5.0.7.Final}
2016-02-08 23:19:16 INFO  Environment:213 - HHH000206: hibernate.properties not found
2016-02-08 23:19:16 INFO  Environment:317 - HHH000021: Bytecode provider name : javassist
2016-02-08 23:19:16 WARN  deprecation:91 - HHH90000012: Recognized obsolete hibernate namespace http://hibernate.sourceforge.net/hibernate-configuration. Use namespace http://www.hibernate.org/dtd/hibernate-configuration instead.  Support for obsolete DTD/XSD namespaces may be removed at any time.
2016-02-08 23:19:17 INFO  Version:66 - HCANN000001: Hibernate Commons Annotations {5.0.1.Final}
2016-02-08 23:19:17 WARN  deprecation:75 - HHH90000012: Recognized obsolete hibernate namespace http://hibernate.sourceforge.net/hibernate-mapping. Use namespace http://www.hibernate.org/dtd/hibernate-mapping instead.  Support for obsolete DTD/XSD namespaces may be removed at any time.
2016-02-08 23:19:20 WARN  connections:71 - HHH10001002: Using Hibernate built-in connection pool (not for production use!)
2016-02-08 23:19:20 INFO  connections:127 - HHH10001005: using driver [org.postgresql.Driver] at URL [jdbc:postgresql://localhost:5432/GestPiz]
2016-02-08 23:19:20 INFO  connections:136 - HHH10001001: Connection properties: {user=postgres, password=****}
2016-02-08 23:19:20 INFO  connections:141 - HHH10001003: Autocommit mode: false
2016-02-08 23:19:20 INFO  DriverManagerConnectionProviderImpl:39 - HHH000115: Hibernate connection pool size: 1 (min=1)
2016-02-08 23:19:21 INFO  Dialect:156 - HHH000400: Using dialect: org.hibernate.dialect.PostgreSQLDialect
2016-02-08 23:19:21 INFO  LobCreatorBuilderImpl:124 - HHH000424: Disabling contextual LOB creation as createClob() method threw error : java.lang.reflect.InvocationTargetException
2016-02-08 23:19:21 INFO  BasicTypeRegistry:138 - HHH000270: Type registration [java.util.UUID] overrides previous : org.hibernate.type.UUIDBinaryType@7c886c
2016-02-08 23:19:21 INFO  EnversServiceImpl:91 - Envers integration enabled? : true
2016-02-08 23:19:23 INFO  SchemaUpdate:105 - HHH000228: Running hbm2ddl schema update
2016-02-09 12:44:37 INFO  Version:37 - HHH000412: Hibernate Core {5.0.7.Final}
2016-02-09 12:44:37 INFO  Environment:213 - HHH000206: hibernate.properties not found
2016-02-09 12:44:37 INFO  Environment:317 - HHH000021: Bytecode provider name : javassist
2016-02-09 12:44:37 WARN  deprecation:91 - HHH90000012: Recognized obsolete hibernate namespace http://hibernate.sourceforge.net/hibernate-configuration. Use namespace http://www.hibernate.org/dtd/hibernate-configuration instead.  Support for obsolete DTD/XSD namespaces may be removed at any time.
2016-02-09 12:44:39 INFO  Version:66 - HCANN000001: Hibernate Commons Annotations {5.0.1.Final}
2016-02-09 12:44:39 WARN  deprecation:75 - HHH90000012: Recognized obsolete hibernate namespace http://hibernate.sourceforge.net/hibernate-mapping. Use namespace http://www.hibernate.org/dtd/hibernate-mapping instead.  Support for obsolete DTD/XSD namespaces may be removed at any time.
2016-02-09 12:44:43 WARN  connections:71 - HHH10001002: Using Hibernate built-in connection pool (not for production use!)
2016-02-09 12:44:43 INFO  connections:127 - HHH10001005: using driver [org.postgresql.Driver] at URL [jdbc:postgresql://localhost:5432/GestPiz]
2016-02-09 12:44:43 INFO  connections:136 - HHH10001001: Connection properties: {user=postgres, password=****}
2016-02-09 12:44:43 INFO  connections:141 - HHH10001003: Autocommit mode: false
2016-02-09 12:44:44 INFO  DriverManagerConnectionProviderImpl:39 - HHH000115: Hibernate connection pool size: 1 (min=1)
2016-02-09 12:44:44 INFO  Dialect:156 - HHH000400: Using dialect: org.hibernate.dialect.PostgreSQLDialect
2016-02-09 12:44:45 INFO  LobCreatorBuilderImpl:124 - HHH000424: Disabling contextual LOB creation as createClob() method threw error : java.lang.reflect.InvocationTargetException
2016-02-09 12:44:46 INFO  BasicTypeRegistry:138 - HHH000270: Type registration [java.util.UUID] overrides previous : org.hibernate.type.UUIDBinaryType@7c886c
2016-02-09 12:44:46 INFO  EnversServiceImpl:91 - Envers integration enabled? : true
2016-02-09 12:44:49 INFO  SchemaUpdate:105 - HHH000228: Running hbm2ddl schema update
2016-02-09 12:44:50 WARN  SqlExceptionHelper:127 - SQL Error: 0, SQLState: 42P01
2016-02-09 12:44:50 ERROR SqlExceptionHelper:129 - ERREUR: la relation « personne » n'existe pas
  Position : 22
2016-02-09 12:45:01 INFO  Version:37 - HHH000412: Hibernate Core {5.0.7.Final}
2016-02-09 12:45:01 INFO  Environment:213 - HHH000206: hibernate.properties not found
2016-02-09 12:45:01 INFO  Environment:317 - HHH000021: Bytecode provider name : javassist
2016-02-09 12:45:01 WARN  deprecation:91 - HHH90000012: Recognized obsolete hibernate namespace http://hibernate.sourceforge.net/hibernate-configuration. Use namespace http://www.hibernate.org/dtd/hibernate-configuration instead.  Support for obsolete DTD/XSD namespaces may be removed at any time.
2016-02-09 12:45:02 INFO  Version:66 - HCANN000001: Hibernate Commons Annotations {5.0.1.Final}
2016-02-09 12:45:02 WARN  deprecation:75 - HHH90000012: Recognized obsolete hibernate namespace http://hibernate.sourceforge.net/hibernate-mapping. Use namespace http://www.hibernate.org/dtd/hibernate-mapping instead.  Support for obsolete DTD/XSD namespaces may be removed at any time.
2016-02-09 12:45:05 WARN  connections:71 - HHH10001002: Using Hibernate built-in connection pool (not for production use!)
2016-02-09 12:45:05 INFO  connections:127 - HHH10001005: using driver [org.postgresql.Driver] at URL [jdbc:postgresql://localhost:5432/GestPiz]
2016-02-09 12:45:05 INFO  connections:136 - HHH10001001: Connection properties: {user=postgres, password=****}
2016-02-09 12:45:05 INFO  connections:141 - HHH10001003: Autocommit mode: false
2016-02-09 12:45:05 INFO  DriverManagerConnectionProviderImpl:39 - HHH000115: Hibernate connection pool size: 1 (min=1)
2016-02-09 12:45:05 INFO  Dialect:156 - HHH000400: Using dialect: org.hibernate.dialect.PostgreSQLDialect
2016-02-09 12:45:06 INFO  LobCreatorBuilderImpl:124 - HHH000424: Disabling contextual LOB creation as createClob() method threw error : java.lang.reflect.InvocationTargetException
2016-02-09 12:45:06 INFO  BasicTypeRegistry:138 - HHH000270: Type registration [java.util.UUID] overrides previous : org.hibernate.type.UUIDBinaryType@7c886c
2016-02-09 12:45:06 INFO  EnversServiceImpl:91 - Envers integration enabled? : true
2016-02-09 12:45:08 INFO  SchemaUpdate:105 - HHH000228: Running hbm2ddl schema update
2016-02-09 12:45:08 WARN  SqlExceptionHelper:127 - SQL Error: 0, SQLState: 42P01
2016-02-09 12:45:08 ERROR SqlExceptionHelper:129 - ERREUR: la relation « candidature » n'existe pas
  Position : 22
2016-02-09 12:45:21 INFO  Version:37 - HHH000412: Hibernate Core {5.0.7.Final}
2016-02-09 12:45:21 INFO  Environment:213 - HHH000206: hibernate.properties not found
2016-02-09 12:45:21 INFO  Environment:317 - HHH000021: Bytecode provider name : javassist
2016-02-09 12:45:21 WARN  deprecation:91 - HHH90000012: Recognized obsolete hibernate namespace http://hibernate.sourceforge.net/hibernate-configuration. Use namespace http://www.hibernate.org/dtd/hibernate-configuration instead.  Support for obsolete DTD/XSD namespaces may be removed at any time.
2016-02-09 12:45:22 INFO  Version:66 - HCANN000001: Hibernate Commons Annotations {5.0.1.Final}
2016-02-09 12:45:22 WARN  deprecation:75 - HHH90000012: Recognized obsolete hibernate namespace http://hibernate.sourceforge.net/hibernate-mapping. Use namespace http://www.hibernate.org/dtd/hibernate-mapping instead.  Support for obsolete DTD/XSD namespaces may be removed at any time.
2016-02-09 12:45:25 WARN  connections:71 - HHH10001002: Using Hibernate built-in connection pool (not for production use!)
2016-02-09 12:45:25 INFO  connections:127 - HHH10001005: using driver [org.postgresql.Driver] at URL [jdbc:postgresql://localhost:5432/GestPiz]
2016-02-09 12:45:25 INFO  connections:136 - HHH10001001: Connection properties: {user=postgres, password=****}
2016-02-09 12:45:25 INFO  connections:141 - HHH10001003: Autocommit mode: false
2016-02-09 12:45:25 INFO  DriverManagerConnectionProviderImpl:39 - HHH000115: Hibernate connection pool size: 1 (min=1)
2016-02-09 12:45:25 INFO  Dialect:156 - HHH000400: Using dialect: org.hibernate.dialect.PostgreSQLDialect
2016-02-09 12:45:26 INFO  LobCreatorBuilderImpl:124 - HHH000424: Disabling contextual LOB creation as createClob() method threw error : java.lang.reflect.InvocationTargetException
2016-02-09 12:45:26 INFO  BasicTypeRegistry:138 - HHH000270: Type registration [java.util.UUID] overrides previous : org.hibernate.type.UUIDBinaryType@7c886c
2016-02-09 12:45:26 INFO  EnversServiceImpl:91 - Envers integration enabled? : true
2016-02-09 12:45:29 INFO  SchemaUpdate:105 - HHH000228: Running hbm2ddl schema update
2016-02-09 12:45:30 WARN  SqlExceptionHelper:127 - SQL Error: 0, SQLState: 42P01
2016-02-09 12:45:30 ERROR SqlExceptionHelper:129 - ERREUR: la relation « candidature » n'existe pas
  Position : 22
2016-02-09 12:48:58 INFO  Version:37 - HHH000412: Hibernate Core {5.0.7.Final}
2016-02-09 12:48:58 INFO  Environment:213 - HHH000206: hibernate.properties not found
2016-02-09 12:48:58 INFO  Environment:317 - HHH000021: Bytecode provider name : javassist
2016-02-09 12:48:58 WARN  deprecation:91 - HHH90000012: Recognized obsolete hibernate namespace http://hibernate.sourceforge.net/hibernate-configuration. Use namespace http://www.hibernate.org/dtd/hibernate-configuration instead.  Support for obsolete DTD/XSD namespaces may be removed at any time.
2016-02-09 12:48:59 INFO  Version:66 - HCANN000001: Hibernate Commons Annotations {5.0.1.Final}
2016-02-09 12:48:59 WARN  deprecation:75 - HHH90000012: Recognized obsolete hibernate namespace http://hibernate.sourceforge.net/hibernate-mapping. Use namespace http://www.hibernate.org/dtd/hibernate-mapping instead.  Support for obsolete DTD/XSD namespaces may be removed at any time.
2016-02-09 12:49:02 WARN  connections:71 - HHH10001002: Using Hibernate built-in connection pool (not for production use!)
2016-02-09 12:49:02 INFO  connections:127 - HHH10001005: using driver [org.postgresql.Driver] at URL [jdbc:postgresql://localhost:5432/GestPiz]
2016-02-09 12:49:02 INFO  connections:136 - HHH10001001: Connection properties: {user=postgres, password=****}
2016-02-09 12:49:02 INFO  connections:141 - HHH10001003: Autocommit mode: false
2016-02-09 12:49:02 INFO  DriverManagerConnectionProviderImpl:39 - HHH000115: Hibernate connection pool size: 1 (min=1)
2016-02-09 12:49:02 INFO  Dialect:156 - HHH000400: Using dialect: org.hibernate.dialect.PostgreSQLDialect
2016-02-09 12:49:03 INFO  LobCreatorBuilderImpl:124 - HHH000424: Disabling contextual LOB creation as createClob() method threw error : java.lang.reflect.InvocationTargetException
2016-02-09 12:49:03 INFO  BasicTypeRegistry:138 - HHH000270: Type registration [java.util.UUID] overrides previous : org.hibernate.type.UUIDBinaryType@7c886c
2016-02-09 12:49:03 INFO  EnversServiceImpl:91 - Envers integration enabled? : true
2016-02-09 12:49:05 INFO  SchemaUpdate:105 - HHH000228: Running hbm2ddl schema update
2016-02-09 12:49:06 WARN  SqlExceptionHelper:127 - SQL Error: 0, SQLState: 42P01
2016-02-09 12:49:06 ERROR SqlExceptionHelper:129 - ERREUR: la relation « candidature » n'existe pas
  Position : 15
2016-02-09 12:49:33 INFO  Version:37 - HHH000412: Hibernate Core {5.0.7.Final}
2016-02-09 12:49:33 INFO  Environment:213 - HHH000206: hibernate.properties not found
2016-02-09 12:49:33 INFO  Environment:317 - HHH000021: Bytecode provider name : javassist
2016-02-09 12:49:33 WARN  deprecation:91 - HHH90000012: Recognized obsolete hibernate namespace http://hibernate.sourceforge.net/hibernate-configuration. Use namespace http://www.hibernate.org/dtd/hibernate-configuration instead.  Support for obsolete DTD/XSD namespaces may be removed at any time.
2016-02-09 12:49:34 INFO  Version:66 - HCANN000001: Hibernate Commons Annotations {5.0.1.Final}
2016-02-09 12:49:34 WARN  deprecation:75 - HHH90000012: Recognized obsolete hibernate namespace http://hibernate.sourceforge.net/hibernate-mapping. Use namespace http://www.hibernate.org/dtd/hibernate-mapping instead.  Support for obsolete DTD/XSD namespaces may be removed at any time.
2016-02-09 12:49:44 INFO  Version:37 - HHH000412: Hibernate Core {5.0.7.Final}
2016-02-09 12:49:44 INFO  Environment:213 - HHH000206: hibernate.properties not found
2016-02-09 12:49:44 INFO  Environment:317 - HHH000021: Bytecode provider name : javassist
2016-02-09 12:49:44 WARN  deprecation:91 - HHH90000012: Recognized obsolete hibernate namespace http://hibernate.sourceforge.net/hibernate-configuration. Use namespace http://www.hibernate.org/dtd/hibernate-configuration instead.  Support for obsolete DTD/XSD namespaces may be removed at any time.
2016-02-09 12:49:45 INFO  Version:66 - HCANN000001: Hibernate Commons Annotations {5.0.1.Final}
2016-02-09 12:49:45 WARN  deprecation:75 - HHH90000012: Recognized obsolete hibernate namespace http://hibernate.sourceforge.net/hibernate-mapping. Use namespace http://www.hibernate.org/dtd/hibernate-mapping instead.  Support for obsolete DTD/XSD namespaces may be removed at any time.
2016-02-09 12:49:47 WARN  connections:71 - HHH10001002: Using Hibernate built-in connection pool (not for production use!)
2016-02-09 12:49:48 INFO  connections:127 - HHH10001005: using driver [org.postgresql.Driver] at URL [jdbc:postgresql://localhost:5432/GestPiz]
2016-02-09 12:49:48 INFO  connections:136 - HHH10001001: Connection properties: {user=postgres, password=****}
2016-02-09 12:49:48 INFO  connections:141 - HHH10001003: Autocommit mode: false
2016-02-09 12:49:48 INFO  DriverManagerConnectionProviderImpl:39 - HHH000115: Hibernate connection pool size: 1 (min=1)
2016-02-09 12:49:48 INFO  Dialect:156 - HHH000400: Using dialect: org.hibernate.dialect.PostgreSQLDialect
2016-02-09 12:49:49 INFO  LobCreatorBuilderImpl:124 - HHH000424: Disabling contextual LOB creation as createClob() method threw error : java.lang.reflect.InvocationTargetException
2016-02-09 12:49:49 INFO  BasicTypeRegistry:138 - HHH000270: Type registration [java.util.UUID] overrides previous : org.hibernate.type.UUIDBinaryType@7c886c
2016-02-09 12:49:49 INFO  EnversServiceImpl:91 - Envers integration enabled? : true
2016-02-09 12:49:51 INFO  SchemaUpdate:105 - HHH000228: Running hbm2ddl schema update
2016-02-09 12:49:51 WARN  SqlExceptionHelper:127 - SQL Error: 0, SQLState: 42P01
2016-02-09 12:49:51 ERROR SqlExceptionHelper:129 - ERREUR: la relation « candidature » n'existe pas
  Position : 15
2016-02-09 12:50:59 INFO  Version:37 - HHH000412: Hibernate Core {5.0.7.Final}
2016-02-09 12:50:59 INFO  Environment:213 - HHH000206: hibernate.properties not found
2016-02-09 12:50:59 INFO  Environment:317 - HHH000021: Bytecode provider name : javassist
2016-02-09 12:50:59 WARN  deprecation:91 - HHH90000012: Recognized obsolete hibernate namespace http://hibernate.sourceforge.net/hibernate-configuration. Use namespace http://www.hibernate.org/dtd/hibernate-configuration instead.  Support for obsolete DTD/XSD namespaces may be removed at any time.
2016-02-09 12:51:00 INFO  Version:66 - HCANN000001: Hibernate Commons Annotations {5.0.1.Final}
2016-02-09 12:51:00 WARN  deprecation:75 - HHH90000012: Recognized obsolete hibernate namespace http://hibernate.sourceforge.net/hibernate-mapping. Use namespace http://www.hibernate.org/dtd/hibernate-mapping instead.  Support for obsolete DTD/XSD namespaces may be removed at any time.
2016-02-09 12:51:04 WARN  connections:71 - HHH10001002: Using Hibernate built-in connection pool (not for production use!)
2016-02-09 12:51:04 INFO  connections:127 - HHH10001005: using driver [org.postgresql.Driver] at URL [jdbc:postgresql://localhost:5432/GestPiz]
2016-02-09 12:51:04 INFO  connections:136 - HHH10001001: Connection properties: {user=postgres, password=****}
2016-02-09 12:51:04 INFO  connections:141 - HHH10001003: Autocommit mode: false
2016-02-09 12:51:04 INFO  DriverManagerConnectionProviderImpl:39 - HHH000115: Hibernate connection pool size: 1 (min=1)
2016-02-09 12:51:04 INFO  Dialect:156 - HHH000400: Using dialect: org.hibernate.dialect.PostgreSQLDialect
2016-02-09 12:51:05 INFO  LobCreatorBuilderImpl:124 - HHH000424: Disabling contextual LOB creation as createClob() method threw error : java.lang.reflect.InvocationTargetException
2016-02-09 12:51:05 INFO  BasicTypeRegistry:138 - HHH000270: Type registration [java.util.UUID] overrides previous : org.hibernate.type.UUIDBinaryType@7c886c
2016-02-09 12:51:05 INFO  EnversServiceImpl:91 - Envers integration enabled? : true
2016-02-09 12:51:07 INFO  SchemaUpdate:105 - HHH000228: Running hbm2ddl schema update
2016-02-09 13:07:59 INFO  Version:37 - HHH000412: Hibernate Core {5.0.7.Final}
2016-02-09 13:07:59 INFO  Environment:213 - HHH000206: hibernate.properties not found
2016-02-09 13:07:59 INFO  Environment:317 - HHH000021: Bytecode provider name : javassist
2016-02-09 13:07:59 WARN  deprecation:91 - HHH90000012: Recognized obsolete hibernate namespace http://hibernate.sourceforge.net/hibernate-configuration. Use namespace http://www.hibernate.org/dtd/hibernate-configuration instead.  Support for obsolete DTD/XSD namespaces may be removed at any time.
2016-02-09 13:08:00 INFO  Version:66 - HCANN000001: Hibernate Commons Annotations {5.0.1.Final}
2016-02-09 13:08:00 WARN  deprecation:75 - HHH90000012: Recognized obsolete hibernate namespace http://hibernate.sourceforge.net/hibernate-mapping. Use namespace http://www.hibernate.org/dtd/hibernate-mapping instead.  Support for obsolete DTD/XSD namespaces may be removed at any time.
2016-02-09 13:08:03 WARN  connections:71 - HHH10001002: Using Hibernate built-in connection pool (not for production use!)
2016-02-09 13:08:03 INFO  connections:127 - HHH10001005: using driver [org.postgresql.Driver] at URL [jdbc:postgresql://localhost:5432/GestPiz]
2016-02-09 13:08:03 INFO  connections:136 - HHH10001001: Connection properties: {user=postgres, password=****}
2016-02-09 13:08:03 INFO  connections:141 - HHH10001003: Autocommit mode: false
2016-02-09 13:08:03 INFO  DriverManagerConnectionProviderImpl:39 - HHH000115: Hibernate connection pool size: 1 (min=1)
2016-02-09 13:08:04 INFO  Dialect:156 - HHH000400: Using dialect: org.hibernate.dialect.PostgreSQLDialect
2016-02-09 13:08:04 INFO  LobCreatorBuilderImpl:124 - HHH000424: Disabling contextual LOB creation as createClob() method threw error : java.lang.reflect.InvocationTargetException
2016-02-09 13:08:05 INFO  BasicTypeRegistry:138 - HHH000270: Type registration [java.util.UUID] overrides previous : org.hibernate.type.UUIDBinaryType@7c886c
2016-02-09 13:08:05 INFO  EnversServiceImpl:91 - Envers integration enabled? : true
2016-02-09 13:08:07 INFO  SchemaUpdate:105 - HHH000228: Running hbm2ddl schema update
2016-02-09 13:08:08 INFO  Version:37 - HHH000412: Hibernate Core {5.0.7.Final}
2016-02-09 13:08:08 INFO  Environment:213 - HHH000206: hibernate.properties not found
2016-02-09 13:08:08 INFO  Environment:317 - HHH000021: Bytecode provider name : javassist
2016-02-09 13:08:08 WARN  deprecation:91 - HHH90000012: Recognized obsolete hibernate namespace http://hibernate.sourceforge.net/hibernate-configuration. Use namespace http://www.hibernate.org/dtd/hibernate-configuration instead.  Support for obsolete DTD/XSD namespaces may be removed at any time.
2016-02-09 13:08:09 INFO  Version:66 - HCANN000001: Hibernate Commons Annotations {5.0.1.Final}
2016-02-09 13:08:09 WARN  deprecation:75 - HHH90000012: Recognized obsolete hibernate namespace http://hibernate.sourceforge.net/hibernate-mapping. Use namespace http://www.hibernate.org/dtd/hibernate-mapping instead.  Support for obsolete DTD/XSD namespaces may be removed at any time.
2016-02-09 13:08:12 WARN  connections:71 - HHH10001002: Using Hibernate built-in connection pool (not for production use!)
2016-02-09 13:08:12 INFO  connections:127 - HHH10001005: using driver [org.postgresql.Driver] at URL [jdbc:postgresql://localhost:5432/GestPiz]
2016-02-09 13:08:12 INFO  connections:136 - HHH10001001: Connection properties: {user=postgres, password=****}
2016-02-09 13:08:12 INFO  connections:141 - HHH10001003: Autocommit mode: false
2016-02-09 13:08:12 INFO  DriverManagerConnectionProviderImpl:39 - HHH000115: Hibernate connection pool size: 1 (min=1)
2016-02-09 13:08:12 INFO  Dialect:156 - HHH000400: Using dialect: org.hibernate.dialect.PostgreSQLDialect
2016-02-09 13:08:13 INFO  LobCreatorBuilderImpl:124 - HHH000424: Disabling contextual LOB creation as createClob() method threw error : java.lang.reflect.InvocationTargetException
2016-02-09 13:08:13 INFO  BasicTypeRegistry:138 - HHH000270: Type registration [java.util.UUID] overrides previous : org.hibernate.type.UUIDBinaryType@7c886c
2016-02-09 13:08:13 INFO  EnversServiceImpl:91 - Envers integration enabled? : true
2016-02-09 13:08:15 INFO  SchemaUpdate:105 - HHH000228: Running hbm2ddl schema update
2016-02-09 13:08:37 INFO  Version:37 - HHH000412: Hibernate Core {5.0.7.Final}
2016-02-09 13:08:37 INFO  Environment:213 - HHH000206: hibernate.properties not found
2016-02-09 13:08:37 INFO  Environment:317 - HHH000021: Bytecode provider name : javassist
2016-02-09 13:08:37 WARN  deprecation:91 - HHH90000012: Recognized obsolete hibernate namespace http://hibernate.sourceforge.net/hibernate-configuration. Use namespace http://www.hibernate.org/dtd/hibernate-configuration instead.  Support for obsolete DTD/XSD namespaces may be removed at any time.
2016-02-09 13:08:38 INFO  Version:66 - HCANN000001: Hibernate Commons Annotations {5.0.1.Final}
2016-02-09 13:08:38 WARN  deprecation:75 - HHH90000012: Recognized obsolete hibernate namespace http://hibernate.sourceforge.net/hibernate-mapping. Use namespace http://www.hibernate.org/dtd/hibernate-mapping instead.  Support for obsolete DTD/XSD namespaces may be removed at any time.
2016-02-09 13:08:42 WARN  connections:71 - HHH10001002: Using Hibernate built-in connection pool (not for production use!)
2016-02-09 13:08:42 INFO  connections:127 - HHH10001005: using driver [org.postgresql.Driver] at URL [jdbc:postgresql://localhost:5432/GestPiz]
2016-02-09 13:08:42 INFO  connections:136 - HHH10001001: Connection properties: {user=postgres, password=****}
2016-02-09 13:08:42 INFO  connections:141 - HHH10001003: Autocommit mode: false
2016-02-09 13:08:42 INFO  DriverManagerConnectionProviderImpl:39 - HHH000115: Hibernate connection pool size: 1 (min=1)
2016-02-09 13:08:42 INFO  Dialect:156 - HHH000400: Using dialect: org.hibernate.dialect.PostgreSQLDialect
2016-02-09 13:08:43 INFO  LobCreatorBuilderImpl:124 - HHH000424: Disabling contextual LOB creation as createClob() method threw error : java.lang.reflect.InvocationTargetException
2016-02-09 13:08:43 INFO  BasicTypeRegistry:138 - HHH000270: Type registration [java.util.UUID] overrides previous : org.hibernate.type.UUIDBinaryType@7c886c
2016-02-09 13:08:43 INFO  EnversServiceImpl:91 - Envers integration enabled? : true
2016-02-09 13:08:45 INFO  SchemaUpdate:105 - HHH000228: Running hbm2ddl schema update
2016-02-09 13:09:07 INFO  Version:37 - HHH000412: Hibernate Core {5.0.7.Final}
2016-02-09 13:09:07 INFO  Environment:213 - HHH000206: hibernate.properties not found
2016-02-09 13:09:07 INFO  Environment:317 - HHH000021: Bytecode provider name : javassist
2016-02-09 13:09:07 WARN  deprecation:91 - HHH90000012: Recognized obsolete hibernate namespace http://hibernate.sourceforge.net/hibernate-configuration. Use namespace http://www.hibernate.org/dtd/hibernate-configuration instead.  Support for obsolete DTD/XSD namespaces may be removed at any time.
2016-02-09 13:09:07 INFO  Version:66 - HCANN000001: Hibernate Commons Annotations {5.0.1.Final}
2016-02-09 13:09:07 WARN  deprecation:75 - HHH90000012: Recognized obsolete hibernate namespace http://hibernate.sourceforge.net/hibernate-mapping. Use namespace http://www.hibernate.org/dtd/hibernate-mapping instead.  Support for obsolete DTD/XSD namespaces may be removed at any time.
2016-02-09 13:09:11 WARN  connections:71 - HHH10001002: Using Hibernate built-in connection pool (not for production use!)
2016-02-09 13:09:11 INFO  connections:127 - HHH10001005: using driver [org.postgresql.Driver] at URL [jdbc:postgresql://localhost:5432/GestPiz]
2016-02-09 13:09:11 INFO  connections:136 - HHH10001001: Connection properties: {user=postgres, password=****}
2016-02-09 13:09:11 INFO  connections:141 - HHH10001003: Autocommit mode: false
2016-02-09 13:09:11 INFO  DriverManagerConnectionProviderImpl:39 - HHH000115: Hibernate connection pool size: 1 (min=1)
2016-02-09 13:09:11 INFO  Dialect:156 - HHH000400: Using dialect: org.hibernate.dialect.PostgreSQLDialect
2016-02-09 13:09:12 INFO  LobCreatorBuilderImpl:124 - HHH000424: Disabling contextual LOB creation as createClob() method threw error : java.lang.reflect.InvocationTargetException
2016-02-09 13:09:12 INFO  BasicTypeRegistry:138 - HHH000270: Type registration [java.util.UUID] overrides previous : org.hibernate.type.UUIDBinaryType@7c886c
2016-02-09 13:09:12 INFO  EnversServiceImpl:91 - Envers integration enabled? : true
2016-02-09 13:09:14 INFO  SchemaUpdate:105 - HHH000228: Running hbm2ddl schema update
2016-02-09 13:09:37 INFO  Version:37 - HHH000412: Hibernate Core {5.0.7.Final}
2016-02-09 13:09:37 INFO  Environment:213 - HHH000206: hibernate.properties not found
2016-02-09 13:09:37 INFO  Environment:317 - HHH000021: Bytecode provider name : javassist
2016-02-09 13:09:37 WARN  deprecation:91 - HHH90000012: Recognized obsolete hibernate namespace http://hibernate.sourceforge.net/hibernate-configuration. Use namespace http://www.hibernate.org/dtd/hibernate-configuration instead.  Support for obsolete DTD/XSD namespaces may be removed at any time.
2016-02-09 13:09:38 INFO  Version:66 - HCANN000001: Hibernate Commons Annotations {5.0.1.Final}
2016-02-09 13:09:38 WARN  deprecation:75 - HHH90000012: Recognized obsolete hibernate namespace http://hibernate.sourceforge.net/hibernate-mapping. Use namespace http://www.hibernate.org/dtd/hibernate-mapping instead.  Support for obsolete DTD/XSD namespaces may be removed at any time.
2016-02-09 13:09:41 WARN  connections:71 - HHH10001002: Using Hibernate built-in connection pool (not for production use!)
2016-02-09 13:09:41 INFO  connections:127 - HHH10001005: using driver [org.postgresql.Driver] at URL [jdbc:postgresql://localhost:5432/GestPiz]
2016-02-09 13:09:41 INFO  connections:136 - HHH10001001: Connection properties: {user=postgres, password=****}
2016-02-09 13:09:41 INFO  connections:141 - HHH10001003: Autocommit mode: false
2016-02-09 13:09:41 INFO  DriverManagerConnectionProviderImpl:39 - HHH000115: Hibernate connection pool size: 1 (min=1)
2016-02-09 13:09:42 INFO  Dialect:156 - HHH000400: Using dialect: org.hibernate.dialect.PostgreSQLDialect
2016-02-09 13:09:43 INFO  LobCreatorBuilderImpl:124 - HHH000424: Disabling contextual LOB creation as createClob() method threw error : java.lang.reflect.InvocationTargetException
2016-02-09 13:09:43 INFO  BasicTypeRegistry:138 - HHH000270: Type registration [java.util.UUID] overrides previous : org.hibernate.type.UUIDBinaryType@7c886c
2016-02-09 13:09:43 INFO  EnversServiceImpl:91 - Envers integration enabled? : true
2016-02-09 13:09:45 INFO  SchemaUpdate:105 - HHH000228: Running hbm2ddl schema update
2016-02-09 13:09:57 INFO  Version:37 - HHH000412: Hibernate Core {5.0.7.Final}
2016-02-09 13:09:57 INFO  Environment:213 - HHH000206: hibernate.properties not found
2016-02-09 13:09:57 INFO  Environment:317 - HHH000021: Bytecode provider name : javassist
2016-02-09 13:09:57 WARN  deprecation:91 - HHH90000012: Recognized obsolete hibernate namespace http://hibernate.sourceforge.net/hibernate-configuration. Use namespace http://www.hibernate.org/dtd/hibernate-configuration instead.  Support for obsolete DTD/XSD namespaces may be removed at any time.
2016-02-09 13:09:58 INFO  Version:66 - HCANN000001: Hibernate Commons Annotations {5.0.1.Final}
2016-02-09 13:09:58 WARN  deprecation:75 - HHH90000012: Recognized obsolete hibernate namespace http://hibernate.sourceforge.net/hibernate-mapping. Use namespace http://www.hibernate.org/dtd/hibernate-mapping instead.  Support for obsolete DTD/XSD namespaces may be removed at any time.
2016-02-09 13:10:01 WARN  connections:71 - HHH10001002: Using Hibernate built-in connection pool (not for production use!)
2016-02-09 13:10:01 INFO  connections:127 - HHH10001005: using driver [org.postgresql.Driver] at URL [jdbc:postgresql://localhost:5432/GestPiz]
2016-02-09 13:10:01 INFO  connections:136 - HHH10001001: Connection properties: {user=postgres, password=****}
2016-02-09 13:10:01 INFO  connections:141 - HHH10001003: Autocommit mode: false
2016-02-09 13:10:01 INFO  DriverManagerConnectionProviderImpl:39 - HHH000115: Hibernate connection pool size: 1 (min=1)
2016-02-09 13:10:01 INFO  Dialect:156 - HHH000400: Using dialect: org.hibernate.dialect.PostgreSQLDialect
2016-02-09 13:10:02 INFO  LobCreatorBuilderImpl:124 - HHH000424: Disabling contextual LOB creation as createClob() method threw error : java.lang.reflect.InvocationTargetException
2016-02-09 13:10:02 INFO  BasicTypeRegistry:138 - HHH000270: Type registration [java.util.UUID] overrides previous : org.hibernate.type.UUIDBinaryType@7c886c
2016-02-09 13:10:02 INFO  EnversServiceImpl:91 - Envers integration enabled? : true
2016-02-09 13:10:04 INFO  SchemaUpdate:105 - HHH000228: Running hbm2ddl schema update
2016-02-09 13:10:38 INFO  Version:37 - HHH000412: Hibernate Core {5.0.7.Final}
2016-02-09 13:10:38 INFO  Environment:213 - HHH000206: hibernate.properties not found
2016-02-09 13:10:38 INFO  Environment:317 - HHH000021: Bytecode provider name : javassist
2016-02-09 13:10:39 WARN  deprecation:91 - HHH90000012: Recognized obsolete hibernate namespace http://hibernate.sourceforge.net/hibernate-configuration. Use namespace http://www.hibernate.org/dtd/hibernate-configuration instead.  Support for obsolete DTD/XSD namespaces may be removed at any time.
2016-02-09 13:10:39 INFO  Version:66 - HCANN000001: Hibernate Commons Annotations {5.0.1.Final}
2016-02-09 13:10:39 WARN  deprecation:75 - HHH90000012: Recognized obsolete hibernate namespace http://hibernate.sourceforge.net/hibernate-mapping. Use namespace http://www.hibernate.org/dtd/hibernate-mapping instead.  Support for obsolete DTD/XSD namespaces may be removed at any time.
2016-02-09 13:10:42 WARN  connections:71 - HHH10001002: Using Hibernate built-in connection pool (not for production use!)
2016-02-09 13:10:42 INFO  connections:127 - HHH10001005: using driver [org.postgresql.Driver] at URL [jdbc:postgresql://localhost:5432/GestPiz]
2016-02-09 13:10:42 INFO  connections:136 - HHH10001001: Connection properties: {user=postgres, password=****}
2016-02-09 13:10:42 INFO  connections:141 - HHH10001003: Autocommit mode: false
2016-02-09 13:10:43 INFO  DriverManagerConnectionProviderImpl:39 - HHH000115: Hibernate connection pool size: 2 (min=1)
2016-02-09 13:10:43 INFO  Dialect:156 - HHH000400: Using dialect: org.hibernate.dialect.PostgreSQLDialect
2016-02-09 13:10:44 INFO  LobCreatorBuilderImpl:124 - HHH000424: Disabling contextual LOB creation as createClob() method threw error : java.lang.reflect.InvocationTargetException
2016-02-09 13:10:44 INFO  BasicTypeRegistry:138 - HHH000270: Type registration [java.util.UUID] overrides previous : org.hibernate.type.UUIDBinaryType@7c886c
2016-02-09 13:10:44 INFO  EnversServiceImpl:91 - Envers integration enabled? : true
2016-02-09 13:10:46 INFO  SchemaUpdate:105 - HHH000228: Running hbm2ddl schema update
2016-02-09 13:16:25 INFO  Version:37 - HHH000412: Hibernate Core {5.0.7.Final}
2016-02-09 13:16:25 INFO  Environment:213 - HHH000206: hibernate.properties not found
2016-02-09 13:16:25 INFO  Environment:317 - HHH000021: Bytecode provider name : javassist
2016-02-09 13:16:25 WARN  deprecation:91 - HHH90000012: Recognized obsolete hibernate namespace http://hibernate.sourceforge.net/hibernate-configuration. Use namespace http://www.hibernate.org/dtd/hibernate-configuration instead.  Support for obsolete DTD/XSD namespaces may be removed at any time.
2016-02-09 13:16:26 INFO  Version:66 - HCANN000001: Hibernate Commons Annotations {5.0.1.Final}
2016-02-09 13:16:26 WARN  deprecation:75 - HHH90000012: Recognized obsolete hibernate namespace http://hibernate.sourceforge.net/hibernate-mapping. Use namespace http://www.hibernate.org/dtd/hibernate-mapping instead.  Support for obsolete DTD/XSD namespaces may be removed at any time.
2016-02-09 13:16:29 WARN  connections:71 - HHH10001002: Using Hibernate built-in connection pool (not for production use!)
2016-02-09 13:16:29 INFO  connections:127 - HHH10001005: using driver [org.postgresql.Driver] at URL [jdbc:postgresql://localhost:5432/GestPiz]
2016-02-09 13:16:29 INFO  connections:136 - HHH10001001: Connection properties: {user=postgres, password=****}
2016-02-09 13:16:29 INFO  connections:141 - HHH10001003: Autocommit mode: false
2016-02-09 13:16:29 INFO  DriverManagerConnectionProviderImpl:39 - HHH000115: Hibernate connection pool size: 2 (min=1)
2016-02-09 13:16:29 INFO  Dialect:156 - HHH000400: Using dialect: org.hibernate.dialect.PostgreSQLDialect
2016-02-09 13:16:30 INFO  LobCreatorBuilderImpl:124 - HHH000424: Disabling contextual LOB creation as createClob() method threw error : java.lang.reflect.InvocationTargetException
2016-02-09 13:16:30 INFO  BasicTypeRegistry:138 - HHH000270: Type registration [java.util.UUID] overrides previous : org.hibernate.type.UUIDBinaryType@ee6f53
2016-02-09 13:16:30 INFO  EnversServiceImpl:91 - Envers integration enabled? : true
2016-02-09 13:16:32 INFO  SchemaUpdate:105 - HHH000228: Running hbm2ddl schema update
2016-02-09 13:16:46 INFO  Version:37 - HHH000412: Hibernate Core {5.0.7.Final}
2016-02-09 13:16:46 INFO  Environment:213 - HHH000206: hibernate.properties not found
2016-02-09 13:16:46 INFO  Environment:317 - HHH000021: Bytecode provider name : javassist
2016-02-09 13:16:47 WARN  deprecation:91 - HHH90000012: Recognized obsolete hibernate namespace http://hibernate.sourceforge.net/hibernate-configuration. Use namespace http://www.hibernate.org/dtd/hibernate-configuration instead.  Support for obsolete DTD/XSD namespaces may be removed at any time.
2016-02-09 13:16:47 INFO  Version:66 - HCANN000001: Hibernate Commons Annotations {5.0.1.Final}
2016-02-09 13:16:47 WARN  deprecation:75 - HHH90000012: Recognized obsolete hibernate namespace http://hibernate.sourceforge.net/hibernate-mapping. Use namespace http://www.hibernate.org/dtd/hibernate-mapping instead.  Support for obsolete DTD/XSD namespaces may be removed at any time.
2016-02-09 13:16:50 WARN  connections:71 - HHH10001002: Using Hibernate built-in connection pool (not for production use!)
2016-02-09 13:16:50 INFO  connections:127 - HHH10001005: using driver [org.postgresql.Driver] at URL [jdbc:postgresql://localhost:5432/GestPiz]
2016-02-09 13:16:50 INFO  connections:136 - HHH10001001: Connection properties: {user=postgres, password=****}
2016-02-09 13:16:50 INFO  connections:141 - HHH10001003: Autocommit mode: false
2016-02-09 13:16:50 INFO  DriverManagerConnectionProviderImpl:39 - HHH000115: Hibernate connection pool size: 2 (min=1)
2016-02-09 13:16:51 INFO  Dialect:156 - HHH000400: Using dialect: org.hibernate.dialect.PostgreSQLDialect
2016-02-09 13:16:52 INFO  LobCreatorBuilderImpl:124 - HHH000424: Disabling contextual LOB creation as createClob() method threw error : java.lang.reflect.InvocationTargetException
2016-02-09 13:16:52 INFO  BasicTypeRegistry:138 - HHH000270: Type registration [java.util.UUID] overrides previous : org.hibernate.type.UUIDBinaryType@ee6f53
2016-02-09 13:16:52 INFO  EnversServiceImpl:91 - Envers integration enabled? : true
2016-02-09 13:16:54 INFO  SchemaUpdate:105 - HHH000228: Running hbm2ddl schema update
2016-02-09 13:17:17 INFO  Version:37 - HHH000412: Hibernate Core {5.0.7.Final}
2016-02-09 13:17:17 INFO  Environment:213 - HHH000206: hibernate.properties not found
2016-02-09 13:17:17 INFO  Environment:317 - HHH000021: Bytecode provider name : javassist
2016-02-09 13:17:17 WARN  deprecation:91 - HHH90000012: Recognized obsolete hibernate namespace http://hibernate.sourceforge.net/hibernate-configuration. Use namespace http://www.hibernate.org/dtd/hibernate-configuration instead.  Support for obsolete DTD/XSD namespaces may be removed at any time.
2016-02-09 13:17:18 INFO  Version:66 - HCANN000001: Hibernate Commons Annotations {5.0.1.Final}
2016-02-09 13:17:18 WARN  deprecation:75 - HHH90000012: Recognized obsolete hibernate namespace http://hibernate.sourceforge.net/hibernate-mapping. Use namespace http://www.hibernate.org/dtd/hibernate-mapping instead.  Support for obsolete DTD/XSD namespaces may be removed at any time.
2016-02-09 13:17:21 WARN  connections:71 - HHH10001002: Using Hibernate built-in connection pool (not for production use!)
2016-02-09 13:17:21 INFO  connections:127 - HHH10001005: using driver [org.postgresql.Driver] at URL [jdbc:postgresql://localhost:5432/GestPiz]
2016-02-09 13:17:21 INFO  connections:136 - HHH10001001: Connection properties: {user=postgres, password=****}
2016-02-09 13:17:21 INFO  connections:141 - HHH10001003: Autocommit mode: false
2016-02-09 13:17:21 INFO  DriverManagerConnectionProviderImpl:39 - HHH000115: Hibernate connection pool size: 2 (min=1)
2016-02-09 13:17:21 INFO  Dialect:156 - HHH000400: Using dialect: org.hibernate.dialect.PostgreSQLDialect
2016-02-09 13:17:22 INFO  LobCreatorBuilderImpl:124 - HHH000424: Disabling contextual LOB creation as createClob() method threw error : java.lang.reflect.InvocationTargetException
2016-02-09 13:17:22 INFO  BasicTypeRegistry:138 - HHH000270: Type registration [java.util.UUID] overrides previous : org.hibernate.type.UUIDBinaryType@ee6f53
2016-02-09 13:17:22 INFO  EnversServiceImpl:91 - Envers integration enabled? : true
2016-02-09 13:17:24 INFO  SchemaUpdate:105 - HHH000228: Running hbm2ddl schema update
2016-02-09 13:17:38 INFO  Version:37 - HHH000412: Hibernate Core {5.0.7.Final}
2016-02-09 13:17:38 INFO  Environment:213 - HHH000206: hibernate.properties not found
2016-02-09 13:17:38 INFO  Environment:317 - HHH000021: Bytecode provider name : javassist
2016-02-09 13:17:38 WARN  deprecation:91 - HHH90000012: Recognized obsolete hibernate namespace http://hibernate.sourceforge.net/hibernate-configuration. Use namespace http://www.hibernate.org/dtd/hibernate-configuration instead.  Support for obsolete DTD/XSD namespaces may be removed at any time.
2016-02-09 13:17:39 INFO  Version:66 - HCANN000001: Hibernate Commons Annotations {5.0.1.Final}
2016-02-09 13:17:39 WARN  deprecation:75 - HHH90000012: Recognized obsolete hibernate namespace http://hibernate.sourceforge.net/hibernate-mapping. Use namespace http://www.hibernate.org/dtd/hibernate-mapping instead.  Support for obsolete DTD/XSD namespaces may be removed at any time.
2016-02-09 13:17:42 WARN  connections:71 - HHH10001002: Using Hibernate built-in connection pool (not for production use!)
2016-02-09 13:17:42 INFO  connections:127 - HHH10001005: using driver [org.postgresql.Driver] at URL [jdbc:postgresql://localhost:5432/GestPiz]
2016-02-09 13:17:42 INFO  connections:136 - HHH10001001: Connection properties: {user=postgres, password=****}
2016-02-09 13:17:42 INFO  connections:141 - HHH10001003: Autocommit mode: false
2016-02-09 13:17:42 INFO  DriverManagerConnectionProviderImpl:39 - HHH000115: Hibernate connection pool size: 2 (min=1)
2016-02-09 13:17:43 INFO  Dialect:156 - HHH000400: Using dialect: org.hibernate.dialect.PostgreSQLDialect
2016-02-09 13:17:43 INFO  LobCreatorBuilderImpl:124 - HHH000424: Disabling contextual LOB creation as createClob() method threw error : java.lang.reflect.InvocationTargetException
2016-02-09 13:17:43 INFO  BasicTypeRegistry:138 - HHH000270: Type registration [java.util.UUID] overrides previous : org.hibernate.type.UUIDBinaryType@ee6f53
2016-02-09 13:17:43 INFO  EnversServiceImpl:91 - Envers integration enabled? : true
2016-02-09 13:17:46 INFO  SchemaUpdate:105 - HHH000228: Running hbm2ddl schema update
2016-02-09 13:23:39 INFO  Version:37 - HHH000412: Hibernate Core {5.0.7.Final}
2016-02-09 13:23:39 INFO  Environment:213 - HHH000206: hibernate.properties not found
2016-02-09 13:23:39 INFO  Environment:317 - HHH000021: Bytecode provider name : javassist
2016-02-09 13:23:39 WARN  deprecation:91 - HHH90000012: Recognized obsolete hibernate namespace http://hibernate.sourceforge.net/hibernate-configuration. Use namespace http://www.hibernate.org/dtd/hibernate-configuration instead.  Support for obsolete DTD/XSD namespaces may be removed at any time.
2016-02-09 13:23:39 INFO  Version:66 - HCANN000001: Hibernate Commons Annotations {5.0.1.Final}
2016-02-09 13:23:40 WARN  deprecation:75 - HHH90000012: Recognized obsolete hibernate namespace http://hibernate.sourceforge.net/hibernate-mapping. Use namespace http://www.hibernate.org/dtd/hibernate-mapping instead.  Support for obsolete DTD/XSD namespaces may be removed at any time.
2016-02-09 13:23:43 WARN  connections:71 - HHH10001002: Using Hibernate built-in connection pool (not for production use!)
2016-02-09 13:23:43 INFO  connections:127 - HHH10001005: using driver [org.postgresql.Driver] at URL [jdbc:postgresql://localhost:5432/GestPiz]
2016-02-09 13:23:43 INFO  connections:136 - HHH10001001: Connection properties: {user=postgres, password=****}
2016-02-09 13:23:43 INFO  connections:141 - HHH10001003: Autocommit mode: false
2016-02-09 13:23:43 INFO  DriverManagerConnectionProviderImpl:39 - HHH000115: Hibernate connection pool size: 2 (min=1)
2016-02-09 13:23:43 INFO  Dialect:156 - HHH000400: Using dialect: org.hibernate.dialect.PostgreSQLDialect
2016-02-09 13:23:44 INFO  LobCreatorBuilderImpl:124 - HHH000424: Disabling contextual LOB creation as createClob() method threw error : java.lang.reflect.InvocationTargetException
2016-02-09 13:23:44 INFO  BasicTypeRegistry:138 - HHH000270: Type registration [java.util.UUID] overrides previous : org.hibernate.type.UUIDBinaryType@1bba99
2016-02-09 13:23:44 INFO  EnversServiceImpl:91 - Envers integration enabled? : true
2016-02-09 13:23:46 INFO  SchemaUpdate:105 - HHH000228: Running hbm2ddl schema update
2016-02-09 13:23:47 INFO  connections:235 - HHH10001008: Cleaning up connection pool [jdbc:postgresql://localhost:5432/GestPiz]
2016-02-09 13:24:21 INFO  Version:37 - HHH000412: Hibernate Core {5.0.7.Final}
2016-02-09 13:24:21 INFO  Environment:213 - HHH000206: hibernate.properties not found
2016-02-09 13:24:21 INFO  Environment:317 - HHH000021: Bytecode provider name : javassist
2016-02-09 13:24:21 WARN  deprecation:91 - HHH90000012: Recognized obsolete hibernate namespace http://hibernate.sourceforge.net/hibernate-configuration. Use namespace http://www.hibernate.org/dtd/hibernate-configuration instead.  Support for obsolete DTD/XSD namespaces may be removed at any time.
2016-02-09 13:24:22 INFO  Version:66 - HCANN000001: Hibernate Commons Annotations {5.0.1.Final}
2016-02-09 13:24:22 WARN  deprecation:75 - HHH90000012: Recognized obsolete hibernate namespace http://hibernate.sourceforge.net/hibernate-mapping. Use namespace http://www.hibernate.org/dtd/hibernate-mapping instead.  Support for obsolete DTD/XSD namespaces may be removed at any time.
2016-02-09 13:24:25 WARN  connections:71 - HHH10001002: Using Hibernate built-in connection pool (not for production use!)
2016-02-09 13:24:25 INFO  connections:127 - HHH10001005: using driver [org.postgresql.Driver] at URL [jdbc:postgresql://localhost:5432/GestPiz]
2016-02-09 13:24:25 INFO  connections:136 - HHH10001001: Connection properties: {user=postgres, password=****}
2016-02-09 13:24:25 INFO  connections:141 - HHH10001003: Autocommit mode: false
2016-02-09 13:24:25 INFO  DriverManagerConnectionProviderImpl:39 - HHH000115: Hibernate connection pool size: 2 (min=1)
2016-02-09 13:24:25 INFO  Dialect:156 - HHH000400: Using dialect: org.hibernate.dialect.PostgreSQLDialect
2016-02-09 13:24:26 INFO  LobCreatorBuilderImpl:124 - HHH000424: Disabling contextual LOB creation as createClob() method threw error : java.lang.reflect.InvocationTargetException
2016-02-09 13:24:26 INFO  BasicTypeRegistry:138 - HHH000270: Type registration [java.util.UUID] overrides previous : org.hibernate.type.UUIDBinaryType@1bba99
2016-02-09 13:24:26 INFO  EnversServiceImpl:91 - Envers integration enabled? : true
2016-02-09 13:24:28 INFO  SchemaUpdate:105 - HHH000228: Running hbm2ddl schema update
2016-02-09 13:24:29 INFO  connections:235 - HHH10001008: Cleaning up connection pool [jdbc:postgresql://localhost:5432/GestPiz]
2016-02-09 13:38:32 INFO  Version:37 - HHH000412: Hibernate Core {5.0.7.Final}
2016-02-09 13:38:32 INFO  Environment:213 - HHH000206: hibernate.properties not found
2016-02-09 13:38:32 INFO  Environment:317 - HHH000021: Bytecode provider name : javassist
2016-02-09 13:38:32 WARN  deprecation:91 - HHH90000012: Recognized obsolete hibernate namespace http://hibernate.sourceforge.net/hibernate-configuration. Use namespace http://www.hibernate.org/dtd/hibernate-configuration instead.  Support for obsolete DTD/XSD namespaces may be removed at any time.
2016-02-09 13:38:33 INFO  Version:66 - HCANN000001: Hibernate Commons Annotations {5.0.1.Final}
2016-02-09 13:40:06 INFO  Version:37 - HHH000412: Hibernate Core {5.0.7.Final}
2016-02-09 13:40:06 INFO  Environment:213 - HHH000206: hibernate.properties not found
2016-02-09 13:40:06 INFO  Environment:317 - HHH000021: Bytecode provider name : javassist
2016-02-09 13:40:06 WARN  deprecation:91 - HHH90000012: Recognized obsolete hibernate namespace http://hibernate.sourceforge.net/hibernate-configuration. Use namespace http://www.hibernate.org/dtd/hibernate-configuration instead.  Support for obsolete DTD/XSD namespaces may be removed at any time.
2016-02-09 13:40:06 INFO  Version:66 - HCANN000001: Hibernate Commons Annotations {5.0.1.Final}
2016-02-09 13:42:01 INFO  Version:37 - HHH000412: Hibernate Core {5.0.7.Final}
2016-02-09 13:42:01 INFO  Environment:213 - HHH000206: hibernate.properties not found
2016-02-09 13:42:01 INFO  Environment:317 - HHH000021: Bytecode provider name : javassist
2016-02-09 13:42:01 WARN  deprecation:91 - HHH90000012: Recognized obsolete hibernate namespace http://hibernate.sourceforge.net/hibernate-configuration. Use namespace http://www.hibernate.org/dtd/hibernate-configuration instead.  Support for obsolete DTD/XSD namespaces may be removed at any time.
2016-02-09 13:42:02 INFO  Version:66 - HCANN000001: Hibernate Commons Annotations {5.0.1.Final}
2016-02-09 13:42:32 INFO  Version:37 - HHH000412: Hibernate Core {5.0.7.Final}
2016-02-09 13:42:32 INFO  Environment:213 - HHH000206: hibernate.properties not found
2016-02-09 13:42:32 INFO  Environment:317 - HHH000021: Bytecode provider name : javassist
2016-02-09 13:42:32 WARN  deprecation:91 - HHH90000012: Recognized obsolete hibernate namespace http://hibernate.sourceforge.net/hibernate-configuration. Use namespace http://www.hibernate.org/dtd/hibernate-configuration instead.  Support for obsolete DTD/XSD namespaces may be removed at any time.
2016-02-09 13:42:33 INFO  Version:66 - HCANN000001: Hibernate Commons Annotations {5.0.1.Final}
2016-02-09 13:43:29 INFO  Version:37 - HHH000412: Hibernate Core {5.0.7.Final}
2016-02-09 13:43:29 INFO  Environment:213 - HHH000206: hibernate.properties not found
2016-02-09 13:43:29 INFO  Environment:317 - HHH000021: Bytecode provider name : javassist
2016-02-09 13:43:29 WARN  deprecation:91 - HHH90000012: Recognized obsolete hibernate namespace http://hibernate.sourceforge.net/hibernate-configuration. Use namespace http://www.hibernate.org/dtd/hibernate-configuration instead.  Support for obsolete DTD/XSD namespaces may be removed at any time.
2016-02-09 13:43:30 INFO  Version:66 - HCANN000001: Hibernate Commons Annotations {5.0.1.Final}
2016-02-09 13:45:54 INFO  Version:37 - HHH000412: Hibernate Core {5.0.7.Final}
2016-02-09 13:45:54 INFO  Environment:213 - HHH000206: hibernate.properties not found
2016-02-09 13:45:54 INFO  Environment:317 - HHH000021: Bytecode provider name : javassist
2016-02-09 13:45:54 WARN  deprecation:91 - HHH90000012: Recognized obsolete hibernate namespace http://hibernate.sourceforge.net/hibernate-configuration. Use namespace http://www.hibernate.org/dtd/hibernate-configuration instead.  Support for obsolete DTD/XSD namespaces may be removed at any time.
2016-02-09 13:45:54 INFO  Version:66 - HCANN000001: Hibernate Commons Annotations {5.0.1.Final}
2016-02-09 13:45:54 WARN  deprecation:75 - HHH90000012: Recognized obsolete hibernate namespace http://hibernate.sourceforge.net/hibernate-mapping. Use namespace http://www.hibernate.org/dtd/hibernate-mapping instead.  Support for obsolete DTD/XSD namespaces may be removed at any time.
2016-02-09 13:45:57 WARN  connections:71 - HHH10001002: Using Hibernate built-in connection pool (not for production use!)
2016-02-09 13:45:58 INFO  connections:127 - HHH10001005: using driver [org.postgresql.Driver] at URL [jdbc:postgresql://localhost:5432/GestPiz]
2016-02-09 13:45:58 INFO  connections:136 - HHH10001001: Connection properties: {user=postgres, password=****}
2016-02-09 13:45:58 INFO  connections:141 - HHH10001003: Autocommit mode: false
2016-02-09 13:45:58 INFO  DriverManagerConnectionProviderImpl:39 - HHH000115: Hibernate connection pool size: 1 (min=1)
2016-02-09 13:45:58 INFO  Dialect:156 - HHH000400: Using dialect: org.hibernate.dialect.PostgreSQLDialect
2016-02-09 13:45:59 INFO  LobCreatorBuilderImpl:124 - HHH000424: Disabling contextual LOB creation as createClob() method threw error : java.lang.reflect.InvocationTargetException
2016-02-09 13:45:59 INFO  BasicTypeRegistry:138 - HHH000270: Type registration [java.util.UUID] overrides previous : org.hibernate.type.UUIDBinaryType@1bba99
2016-02-09 13:45:59 INFO  EnversServiceImpl:91 - Envers integration enabled? : true
2016-02-09 13:46:01 INFO  SchemaUpdate:105 - HHH000228: Running hbm2ddl schema update
2016-02-09 13:46:02 INFO  connections:235 - HHH10001008: Cleaning up connection pool [jdbc:postgresql://localhost:5432/GestPiz]
2016-02-09 13:47:15 INFO  Version:37 - HHH000412: Hibernate Core {5.0.7.Final}
2016-02-09 13:47:15 INFO  Environment:213 - HHH000206: hibernate.properties not found
2016-02-09 13:47:15 INFO  Environment:317 - HHH000021: Bytecode provider name : javassist
2016-02-09 13:47:15 WARN  deprecation:91 - HHH90000012: Recognized obsolete hibernate namespace http://hibernate.sourceforge.net/hibernate-configuration. Use namespace http://www.hibernate.org/dtd/hibernate-configuration instead.  Support for obsolete DTD/XSD namespaces may be removed at any time.
2016-02-09 13:47:16 INFO  Version:66 - HCANN000001: Hibernate Commons Annotations {5.0.1.Final}
2016-02-09 13:47:16 WARN  deprecation:75 - HHH90000012: Recognized obsolete hibernate namespace http://hibernate.sourceforge.net/hibernate-mapping. Use namespace http://www.hibernate.org/dtd/hibernate-mapping instead.  Support for obsolete DTD/XSD namespaces may be removed at any time.
2016-02-09 13:47:19 WARN  connections:71 - HHH10001002: Using Hibernate built-in connection pool (not for production use!)
2016-02-09 13:47:19 INFO  connections:127 - HHH10001005: using driver [org.postgresql.Driver] at URL [jdbc:postgresql://localhost:5432/GestPiz]
2016-02-09 13:47:19 INFO  connections:136 - HHH10001001: Connection properties: {user=postgres, password=****}
2016-02-09 13:47:19 INFO  connections:141 - HHH10001003: Autocommit mode: false
2016-02-09 13:47:19 INFO  DriverManagerConnectionProviderImpl:39 - HHH000115: Hibernate connection pool size: 1 (min=1)
2016-02-09 13:47:19 INFO  Dialect:156 - HHH000400: Using dialect: org.hibernate.dialect.PostgreSQLDialect
2016-02-09 13:47:20 INFO  LobCreatorBuilderImpl:124 - HHH000424: Disabling contextual LOB creation as createClob() method threw error : java.lang.reflect.InvocationTargetException
2016-02-09 13:47:20 INFO  BasicTypeRegistry:138 - HHH000270: Type registration [java.util.UUID] overrides previous : org.hibernate.type.UUIDBinaryType@1bba99
2016-02-09 13:47:20 INFO  EnversServiceImpl:91 - Envers integration enabled? : true
2016-02-09 13:47:22 INFO  SchemaUpdate:105 - HHH000228: Running hbm2ddl schema update
2016-02-09 13:47:23 INFO  connections:235 - HHH10001008: Cleaning up connection pool [jdbc:postgresql://localhost:5432/GestPiz]
2016-02-09 13:47:34 INFO  Version:37 - HHH000412: Hibernate Core {5.0.7.Final}
2016-02-09 13:47:34 INFO  Environment:213 - HHH000206: hibernate.properties not found
2016-02-09 13:47:34 INFO  Environment:317 - HHH000021: Bytecode provider name : javassist
2016-02-09 13:47:35 WARN  deprecation:91 - HHH90000012: Recognized obsolete hibernate namespace http://hibernate.sourceforge.net/hibernate-configuration. Use namespace http://www.hibernate.org/dtd/hibernate-configuration instead.  Support for obsolete DTD/XSD namespaces may be removed at any time.
2016-02-09 13:47:35 INFO  Version:66 - HCANN000001: Hibernate Commons Annotations {5.0.1.Final}
2016-02-09 13:47:35 WARN  deprecation:75 - HHH90000012: Recognized obsolete hibernate namespace http://hibernate.sourceforge.net/hibernate-mapping. Use namespace http://www.hibernate.org/dtd/hibernate-mapping instead.  Support for obsolete DTD/XSD namespaces may be removed at any time.
2016-02-09 13:47:40 WARN  connections:71 - HHH10001002: Using Hibernate built-in connection pool (not for production use!)
2016-02-09 13:47:40 INFO  connections:127 - HHH10001005: using driver [org.postgresql.Driver] at URL [jdbc:postgresql://localhost:5432/GestPiz]
2016-02-09 13:47:40 INFO  connections:136 - HHH10001001: Connection properties: {user=postgres, password=****}
2016-02-09 13:47:40 INFO  connections:141 - HHH10001003: Autocommit mode: false
2016-02-09 13:47:40 INFO  DriverManagerConnectionProviderImpl:39 - HHH000115: Hibernate connection pool size: 1 (min=1)
2016-02-09 13:47:40 INFO  Dialect:156 - HHH000400: Using dialect: org.hibernate.dialect.PostgreSQLDialect
2016-02-09 13:47:41 INFO  LobCreatorBuilderImpl:124 - HHH000424: Disabling contextual LOB creation as createClob() method threw error : java.lang.reflect.InvocationTargetException
2016-02-09 13:47:41 INFO  BasicTypeRegistry:138 - HHH000270: Type registration [java.util.UUID] overrides previous : org.hibernate.type.UUIDBinaryType@1bba99
2016-02-09 13:47:41 INFO  EnversServiceImpl:91 - Envers integration enabled? : true
2016-02-09 13:47:41 INFO  Version:37 - HHH000412: Hibernate Core {5.0.7.Final}
2016-02-09 13:47:41 INFO  Environment:213 - HHH000206: hibernate.properties not found
2016-02-09 13:47:41 INFO  Environment:317 - HHH000021: Bytecode provider name : javassist
2016-02-09 13:47:41 WARN  deprecation:91 - HHH90000012: Recognized obsolete hibernate namespace http://hibernate.sourceforge.net/hibernate-configuration. Use namespace http://www.hibernate.org/dtd/hibernate-configuration instead.  Support for obsolete DTD/XSD namespaces may be removed at any time.
2016-02-09 13:47:42 INFO  Version:66 - HCANN000001: Hibernate Commons Annotations {5.0.1.Final}
2016-02-09 13:47:42 WARN  deprecation:75 - HHH90000012: Recognized obsolete hibernate namespace http://hibernate.sourceforge.net/hibernate-mapping. Use namespace http://www.hibernate.org/dtd/hibernate-mapping instead.  Support for obsolete DTD/XSD namespaces may be removed at any time.
2016-02-09 13:47:43 INFO  SchemaUpdate:105 - HHH000228: Running hbm2ddl schema update
2016-02-09 13:47:44 INFO  connections:235 - HHH10001008: Cleaning up connection pool [jdbc:postgresql://localhost:5432/GestPiz]
2016-02-09 13:47:46 WARN  connections:71 - HHH10001002: Using Hibernate built-in connection pool (not for production use!)
2016-02-09 13:47:46 INFO  connections:127 - HHH10001005: using driver [org.postgresql.Driver] at URL [jdbc:postgresql://localhost:5432/GestPiz]
2016-02-09 13:47:46 INFO  connections:136 - HHH10001001: Connection properties: {user=postgres, password=****}
2016-02-09 13:47:46 INFO  connections:141 - HHH10001003: Autocommit mode: false
2016-02-09 13:47:46 INFO  DriverManagerConnectionProviderImpl:39 - HHH000115: Hibernate connection pool size: 1 (min=1)
2016-02-09 13:47:46 INFO  Dialect:156 - HHH000400: Using dialect: org.hibernate.dialect.PostgreSQLDialect
2016-02-09 13:47:47 INFO  LobCreatorBuilderImpl:124 - HHH000424: Disabling contextual LOB creation as createClob() method threw error : java.lang.reflect.InvocationTargetException
2016-02-09 13:47:47 INFO  BasicTypeRegistry:138 - HHH000270: Type registration [java.util.UUID] overrides previous : org.hibernate.type.UUIDBinaryType@1bba99
2016-02-09 13:47:47 INFO  EnversServiceImpl:91 - Envers integration enabled? : true
2016-02-09 13:47:49 INFO  SchemaUpdate:105 - HHH000228: Running hbm2ddl schema update
2016-02-09 13:47:50 INFO  connections:235 - HHH10001008: Cleaning up connection pool [jdbc:postgresql://localhost:5432/GestPiz]
2016-02-09 13:48:07 INFO  Version:37 - HHH000412: Hibernate Core {5.0.7.Final}
2016-02-09 13:48:07 INFO  Environment:213 - HHH000206: hibernate.properties not found
2016-02-09 13:48:07 INFO  Environment:317 - HHH000021: Bytecode provider name : javassist
2016-02-09 13:48:07 WARN  deprecation:91 - HHH90000012: Recognized obsolete hibernate namespace http://hibernate.sourceforge.net/hibernate-configuration. Use namespace http://www.hibernate.org/dtd/hibernate-configuration instead.  Support for obsolete DTD/XSD namespaces may be removed at any time.
2016-02-09 13:48:08 INFO  Version:66 - HCANN000001: Hibernate Commons Annotations {5.0.1.Final}
2016-02-09 13:48:08 WARN  deprecation:75 - HHH90000012: Recognized obsolete hibernate namespace http://hibernate.sourceforge.net/hibernate-mapping. Use namespace http://www.hibernate.org/dtd/hibernate-mapping instead.  Support for obsolete DTD/XSD namespaces may be removed at any time.
2016-02-09 13:48:11 WARN  connections:71 - HHH10001002: Using Hibernate built-in connection pool (not for production use!)
2016-02-09 13:48:11 INFO  connections:127 - HHH10001005: using driver [org.postgresql.Driver] at URL [jdbc:postgresql://localhost:5432/GestPiz]
2016-02-09 13:48:11 INFO  connections:136 - HHH10001001: Connection properties: {user=postgres, password=****}
2016-02-09 13:48:11 INFO  connections:141 - HHH10001003: Autocommit mode: false
2016-02-09 13:48:11 INFO  DriverManagerConnectionProviderImpl:39 - HHH000115: Hibernate connection pool size: 1 (min=1)
2016-02-09 13:48:11 INFO  Dialect:156 - HHH000400: Using dialect: org.hibernate.dialect.PostgreSQLDialect
2016-02-09 13:48:12 INFO  LobCreatorBuilderImpl:124 - HHH000424: Disabling contextual LOB creation as createClob() method threw error : java.lang.reflect.InvocationTargetException
2016-02-09 13:48:12 INFO  BasicTypeRegistry:138 - HHH000270: Type registration [java.util.UUID] overrides previous : org.hibernate.type.UUIDBinaryType@1bba99
2016-02-09 13:48:12 INFO  EnversServiceImpl:91 - Envers integration enabled? : true
2016-02-09 13:48:14 INFO  SchemaUpdate:105 - HHH000228: Running hbm2ddl schema update
2016-02-09 13:48:15 INFO  connections:235 - HHH10001008: Cleaning up connection pool [jdbc:postgresql://localhost:5432/GestPiz]
2016-02-09 13:48:57 INFO  Version:37 - HHH000412: Hibernate Core {5.0.7.Final}
2016-02-09 13:48:57 INFO  Environment:213 - HHH000206: hibernate.properties not found
2016-02-09 13:48:57 INFO  Environment:317 - HHH000021: Bytecode provider name : javassist
2016-02-09 13:48:57 WARN  deprecation:91 - HHH90000012: Recognized obsolete hibernate namespace http://hibernate.sourceforge.net/hibernate-configuration. Use namespace http://www.hibernate.org/dtd/hibernate-configuration instead.  Support for obsolete DTD/XSD namespaces may be removed at any time.
2016-02-09 13:48:58 INFO  Version:66 - HCANN000001: Hibernate Commons Annotations {5.0.1.Final}
2016-02-09 13:48:58 WARN  deprecation:75 - HHH90000012: Recognized obsolete hibernate namespace http://hibernate.sourceforge.net/hibernate-mapping. Use namespace http://www.hibernate.org/dtd/hibernate-mapping instead.  Support for obsolete DTD/XSD namespaces may be removed at any time.
2016-02-09 13:49:01 WARN  connections:71 - HHH10001002: Using Hibernate built-in connection pool (not for production use!)
2016-02-09 13:49:01 INFO  connections:127 - HHH10001005: using driver [org.postgresql.Driver] at URL [jdbc:postgresql://localhost:5432/GestPiz]
2016-02-09 13:49:01 INFO  connections:136 - HHH10001001: Connection properties: {user=postgres, password=****}
2016-02-09 13:49:01 INFO  connections:141 - HHH10001003: Autocommit mode: false
2016-02-09 13:49:01 INFO  DriverManagerConnectionProviderImpl:39 - HHH000115: Hibernate connection pool size: 1 (min=1)
2016-02-09 13:49:02 INFO  Dialect:156 - HHH000400: Using dialect: org.hibernate.dialect.PostgreSQLDialect
2016-02-09 13:49:03 INFO  LobCreatorBuilderImpl:124 - HHH000424: Disabling contextual LOB creation as createClob() method threw error : java.lang.reflect.InvocationTargetException
2016-02-09 13:49:03 INFO  BasicTypeRegistry:138 - HHH000270: Type registration [java.util.UUID] overrides previous : org.hibernate.type.UUIDBinaryType@1bba99
2016-02-09 13:49:03 INFO  EnversServiceImpl:91 - Envers integration enabled? : true
2016-02-09 13:49:06 INFO  SchemaUpdate:105 - HHH000228: Running hbm2ddl schema update
2016-02-09 13:49:06 INFO  connections:235 - HHH10001008: Cleaning up connection pool [jdbc:postgresql://localhost:5432/GestPiz]
2016-02-09 13:49:20 INFO  Version:37 - HHH000412: Hibernate Core {5.0.7.Final}
2016-02-09 13:49:20 INFO  Environment:213 - HHH000206: hibernate.properties not found
2016-02-09 13:49:20 INFO  Environment:317 - HHH000021: Bytecode provider name : javassist
2016-02-09 13:49:21 WARN  deprecation:91 - HHH90000012: Recognized obsolete hibernate namespace http://hibernate.sourceforge.net/hibernate-configuration. Use namespace http://www.hibernate.org/dtd/hibernate-configuration instead.  Support for obsolete DTD/XSD namespaces may be removed at any time.
2016-02-09 13:49:21 INFO  Version:66 - HCANN000001: Hibernate Commons Annotations {5.0.1.Final}
2016-02-09 13:49:21 WARN  deprecation:75 - HHH90000012: Recognized obsolete hibernate namespace http://hibernate.sourceforge.net/hibernate-mapping. Use namespace http://www.hibernate.org/dtd/hibernate-mapping instead.  Support for obsolete DTD/XSD namespaces may be removed at any time.
2016-02-09 13:49:25 WARN  connections:71 - HHH10001002: Using Hibernate built-in connection pool (not for production use!)
2016-02-09 13:49:25 INFO  connections:127 - HHH10001005: using driver [org.postgresql.Driver] at URL [jdbc:postgresql://localhost:5432/GestPiz]
2016-02-09 13:49:25 INFO  connections:136 - HHH10001001: Connection properties: {user=postgres, password=****}
2016-02-09 13:49:25 INFO  connections:141 - HHH10001003: Autocommit mode: false
2016-02-09 13:49:25 INFO  DriverManagerConnectionProviderImpl:39 - HHH000115: Hibernate connection pool size: 1 (min=1)
2016-02-09 13:49:25 INFO  Dialect:156 - HHH000400: Using dialect: org.hibernate.dialect.PostgreSQLDialect
2016-02-09 13:49:26 INFO  LobCreatorBuilderImpl:124 - HHH000424: Disabling contextual LOB creation as createClob() method threw error : java.lang.reflect.InvocationTargetException
2016-02-09 13:49:26 INFO  BasicTypeRegistry:138 - HHH000270: Type registration [java.util.UUID] overrides previous : org.hibernate.type.UUIDBinaryType@1b455e5
2016-02-09 13:49:26 INFO  EnversServiceImpl:91 - Envers integration enabled? : true
2016-02-09 13:49:30 INFO  SchemaUpdate:105 - HHH000228: Running hbm2ddl schema update
2016-02-09 13:49:31 INFO  connections:235 - HHH10001008: Cleaning up connection pool [jdbc:postgresql://localhost:5432/GestPiz]
2016-02-09 14:12:55 INFO  Version:37 - HHH000412: Hibernate Core {5.0.7.Final}
2016-02-09 14:12:55 INFO  Environment:213 - HHH000206: hibernate.properties not found
2016-02-09 14:12:55 INFO  Environment:317 - HHH000021: Bytecode provider name : javassist
2016-02-09 14:12:56 WARN  deprecation:91 - HHH90000012: Recognized obsolete hibernate namespace http://hibernate.sourceforge.net/hibernate-configuration. Use namespace http://www.hibernate.org/dtd/hibernate-configuration instead.  Support for obsolete DTD/XSD namespaces may be removed at any time.
2016-02-09 14:12:56 INFO  Version:66 - HCANN000001: Hibernate Commons Annotations {5.0.1.Final}
2016-02-09 14:12:56 WARN  deprecation:75 - HHH90000012: Recognized obsolete hibernate namespace http://hibernate.sourceforge.net/hibernate-mapping. Use namespace http://www.hibernate.org/dtd/hibernate-mapping instead.  Support for obsolete DTD/XSD namespaces may be removed at any time.
2016-02-09 14:13:00 WARN  connections:71 - HHH10001002: Using Hibernate built-in connection pool (not for production use!)
2016-02-09 14:13:00 INFO  connections:127 - HHH10001005: using driver [org.postgresql.Driver] at URL [jdbc:postgresql://localhost:5432/GestPiz]
2016-02-09 14:13:00 INFO  connections:136 - HHH10001001: Connection properties: {user=postgres, password=****}
2016-02-09 14:13:00 INFO  connections:141 - HHH10001003: Autocommit mode: false
2016-02-09 14:13:00 INFO  DriverManagerConnectionProviderImpl:39 - HHH000115: Hibernate connection pool size: 1 (min=1)
2016-02-09 14:13:01 INFO  Dialect:156 - HHH000400: Using dialect: org.hibernate.dialect.PostgreSQLDialect
2016-02-09 14:13:02 INFO  LobCreatorBuilderImpl:124 - HHH000424: Disabling contextual LOB creation as createClob() method threw error : java.lang.reflect.InvocationTargetException
2016-02-09 14:13:02 INFO  BasicTypeRegistry:138 - HHH000270: Type registration [java.util.UUID] overrides previous : org.hibernate.type.UUIDBinaryType@14d26af
2016-02-09 14:13:02 INFO  EnversServiceImpl:91 - Envers integration enabled? : true
2016-02-09 14:13:05 INFO  SchemaUpdate:105 - HHH000228: Running hbm2ddl schema update
2016-02-09 14:13:06 INFO  connections:235 - HHH10001008: Cleaning up connection pool [jdbc:postgresql://localhost:5432/GestPiz]
2016-02-09 14:14:17 INFO  Version:37 - HHH000412: Hibernate Core {5.0.7.Final}
2016-02-09 14:14:17 INFO  Environment:213 - HHH000206: hibernate.properties not found
2016-02-09 14:14:17 INFO  Environment:317 - HHH000021: Bytecode provider name : javassist
2016-02-09 14:14:17 WARN  deprecation:91 - HHH90000012: Recognized obsolete hibernate namespace http://hibernate.sourceforge.net/hibernate-configuration. Use namespace http://www.hibernate.org/dtd/hibernate-configuration instead.  Support for obsolete DTD/XSD namespaces may be removed at any time.
2016-02-09 14:14:18 INFO  Version:66 - HCANN000001: Hibernate Commons Annotations {5.0.1.Final}
2016-02-09 14:14:18 WARN  deprecation:75 - HHH90000012: Recognized obsolete hibernate namespace http://hibernate.sourceforge.net/hibernate-mapping. Use namespace http://www.hibernate.org/dtd/hibernate-mapping instead.  Support for obsolete DTD/XSD namespaces may be removed at any time.
2016-02-09 14:14:21 WARN  connections:71 - HHH10001002: Using Hibernate built-in connection pool (not for production use!)
2016-02-09 14:14:21 INFO  connections:127 - HHH10001005: using driver [org.postgresql.Driver] at URL [jdbc:postgresql://localhost:5432/GestPiz]
2016-02-09 14:14:21 INFO  connections:136 - HHH10001001: Connection properties: {user=postgres, password=****}
2016-02-09 14:14:21 INFO  connections:141 - HHH10001003: Autocommit mode: false
2016-02-09 14:14:21 INFO  DriverManagerConnectionProviderImpl:39 - HHH000115: Hibernate connection pool size: 1 (min=1)
2016-02-09 14:14:21 INFO  Dialect:156 - HHH000400: Using dialect: org.hibernate.dialect.PostgreSQLDialect
2016-02-09 14:14:22 INFO  LobCreatorBuilderImpl:124 - HHH000424: Disabling contextual LOB creation as createClob() method threw error : java.lang.reflect.InvocationTargetException
2016-02-09 14:14:22 INFO  BasicTypeRegistry:138 - HHH000270: Type registration [java.util.UUID] overrides previous : org.hibernate.type.UUIDBinaryType@14d26af
2016-02-09 14:14:22 INFO  EnversServiceImpl:91 - Envers integration enabled? : true
2016-02-09 14:14:24 INFO  SchemaUpdate:105 - HHH000228: Running hbm2ddl schema update
2016-02-09 14:14:25 INFO  connections:235 - HHH10001008: Cleaning up connection pool [jdbc:postgresql://localhost:5432/GestPiz]
2016-02-09 14:14:51 INFO  Version:37 - HHH000412: Hibernate Core {5.0.7.Final}
2016-02-09 14:14:51 INFO  Environment:213 - HHH000206: hibernate.properties not found
2016-02-09 14:14:51 INFO  Environment:317 - HHH000021: Bytecode provider name : javassist
2016-02-09 14:14:51 WARN  deprecation:91 - HHH90000012: Recognized obsolete hibernate namespace http://hibernate.sourceforge.net/hibernate-configuration. Use namespace http://www.hibernate.org/dtd/hibernate-configuration instead.  Support for obsolete DTD/XSD namespaces may be removed at any time.
2016-02-09 14:14:52 INFO  Version:66 - HCANN000001: Hibernate Commons Annotations {5.0.1.Final}
2016-02-09 14:14:52 WARN  deprecation:75 - HHH90000012: Recognized obsolete hibernate namespace http://hibernate.sourceforge.net/hibernate-mapping. Use namespace http://www.hibernate.org/dtd/hibernate-mapping instead.  Support for obsolete DTD/XSD namespaces may be removed at any time.
2016-02-09 14:14:55 WARN  connections:71 - HHH10001002: Using Hibernate built-in connection pool (not for production use!)
2016-02-09 14:14:55 INFO  connections:127 - HHH10001005: using driver [org.postgresql.Driver] at URL [jdbc:postgresql://localhost:5432/GestPiz]
2016-02-09 14:14:55 INFO  connections:136 - HHH10001001: Connection properties: {user=postgres, password=****}
2016-02-09 14:14:55 INFO  connections:141 - HHH10001003: Autocommit mode: false
2016-02-09 14:14:55 INFO  DriverManagerConnectionProviderImpl:39 - HHH000115: Hibernate connection pool size: 1 (min=1)
2016-02-09 14:14:56 INFO  Dialect:156 - HHH000400: Using dialect: org.hibernate.dialect.PostgreSQLDialect
2016-02-09 14:14:56 INFO  LobCreatorBuilderImpl:124 - HHH000424: Disabling contextual LOB creation as createClob() method threw error : java.lang.reflect.InvocationTargetException
2016-02-09 14:14:56 INFO  BasicTypeRegistry:138 - HHH000270: Type registration [java.util.UUID] overrides previous : org.hibernate.type.UUIDBinaryType@14d26af
2016-02-09 14:14:56 INFO  EnversServiceImpl:91 - Envers integration enabled? : true
2016-02-09 14:14:59 INFO  SchemaUpdate:105 - HHH000228: Running hbm2ddl schema update
2016-02-09 14:14:59 INFO  connections:235 - HHH10001008: Cleaning up connection pool [jdbc:postgresql://localhost:5432/GestPiz]
2016-02-09 14:15:16 INFO  Version:37 - HHH000412: Hibernate Core {5.0.7.Final}
2016-02-09 14:15:16 INFO  Environment:213 - HHH000206: hibernate.properties not found
2016-02-09 14:15:16 INFO  Environment:317 - HHH000021: Bytecode provider name : javassist
2016-02-09 14:15:16 WARN  deprecation:91 - HHH90000012: Recognized obsolete hibernate namespace http://hibernate.sourceforge.net/hibernate-configuration. Use namespace http://www.hibernate.org/dtd/hibernate-configuration instead.  Support for obsolete DTD/XSD namespaces may be removed at any time.
2016-02-09 14:15:17 INFO  Version:66 - HCANN000001: Hibernate Commons Annotations {5.0.1.Final}
2016-02-09 14:15:17 WARN  deprecation:75 - HHH90000012: Recognized obsolete hibernate namespace http://hibernate.sourceforge.net/hibernate-mapping. Use namespace http://www.hibernate.org/dtd/hibernate-mapping instead.  Support for obsolete DTD/XSD namespaces may be removed at any time.
2016-02-09 14:15:21 WARN  connections:71 - HHH10001002: Using Hibernate built-in connection pool (not for production use!)
2016-02-09 14:15:21 INFO  connections:127 - HHH10001005: using driver [org.postgresql.Driver] at URL [jdbc:postgresql://localhost:5432/GestPiz]
2016-02-09 14:15:21 INFO  connections:136 - HHH10001001: Connection properties: {user=postgres, password=****}
2016-02-09 14:15:21 INFO  connections:141 - HHH10001003: Autocommit mode: false
2016-02-09 14:15:21 INFO  DriverManagerConnectionProviderImpl:39 - HHH000115: Hibernate connection pool size: 1 (min=1)
2016-02-09 14:15:22 INFO  Dialect:156 - HHH000400: Using dialect: org.hibernate.dialect.PostgreSQLDialect
2016-02-09 14:15:23 INFO  LobCreatorBuilderImpl:124 - HHH000424: Disabling contextual LOB creation as createClob() method threw error : java.lang.reflect.InvocationTargetException
2016-02-09 14:15:23 INFO  BasicTypeRegistry:138 - HHH000270: Type registration [java.util.UUID] overrides previous : org.hibernate.type.UUIDBinaryType@671e20
2016-02-09 14:15:23 INFO  EnversServiceImpl:91 - Envers integration enabled? : true
2016-02-09 14:15:26 INFO  SchemaUpdate:105 - HHH000228: Running hbm2ddl schema update
2016-02-09 14:15:27 INFO  connections:235 - HHH10001008: Cleaning up connection pool [jdbc:postgresql://localhost:5432/GestPiz]
2016-02-09 14:15:53 INFO  Version:37 - HHH000412: Hibernate Core {5.0.7.Final}
2016-02-09 14:15:53 INFO  Environment:213 - HHH000206: hibernate.properties not found
2016-02-09 14:15:53 INFO  Environment:317 - HHH000021: Bytecode provider name : javassist
2016-02-09 14:15:53 WARN  deprecation:91 - HHH90000012: Recognized obsolete hibernate namespace http://hibernate.sourceforge.net/hibernate-configuration. Use namespace http://www.hibernate.org/dtd/hibernate-configuration instead.  Support for obsolete DTD/XSD namespaces may be removed at any time.
2016-02-09 14:15:54 INFO  Version:66 - HCANN000001: Hibernate Commons Annotations {5.0.1.Final}
2016-02-09 14:15:54 WARN  deprecation:75 - HHH90000012: Recognized obsolete hibernate namespace http://hibernate.sourceforge.net/hibernate-mapping. Use namespace http://www.hibernate.org/dtd/hibernate-mapping instead.  Support for obsolete DTD/XSD namespaces may be removed at any time.
2016-02-09 14:15:58 WARN  connections:71 - HHH10001002: Using Hibernate built-in connection pool (not for production use!)
2016-02-09 14:15:58 INFO  connections:127 - HHH10001005: using driver [org.postgresql.Driver] at URL [jdbc:postgresql://localhost:5432/GestPiz]
2016-02-09 14:15:58 INFO  connections:136 - HHH10001001: Connection properties: {user=postgres, password=****}
2016-02-09 14:15:58 INFO  connections:141 - HHH10001003: Autocommit mode: false
2016-02-09 14:15:58 INFO  DriverManagerConnectionProviderImpl:39 - HHH000115: Hibernate connection pool size: 1 (min=1)
2016-02-09 14:15:58 INFO  Dialect:156 - HHH000400: Using dialect: org.hibernate.dialect.PostgreSQLDialect
2016-02-09 14:15:59 INFO  LobCreatorBuilderImpl:124 - HHH000424: Disabling contextual LOB creation as createClob() method threw error : java.lang.reflect.InvocationTargetException
2016-02-09 14:15:59 INFO  BasicTypeRegistry:138 - HHH000270: Type registration [java.util.UUID] overrides previous : org.hibernate.type.UUIDBinaryType@671e20
2016-02-09 14:15:59 INFO  EnversServiceImpl:91 - Envers integration enabled? : true
2016-02-09 14:16:03 INFO  SchemaUpdate:105 - HHH000228: Running hbm2ddl schema update
2016-02-09 14:16:04 INFO  connections:235 - HHH10001008: Cleaning up connection pool [jdbc:postgresql://localhost:5432/GestPiz]
2016-02-09 14:17:14 INFO  Version:37 - HHH000412: Hibernate Core {5.0.7.Final}
2016-02-09 14:17:14 INFO  Environment:213 - HHH000206: hibernate.properties not found
2016-02-09 14:17:14 INFO  Environment:317 - HHH000021: Bytecode provider name : javassist
2016-02-09 14:17:14 WARN  deprecation:91 - HHH90000012: Recognized obsolete hibernate namespace http://hibernate.sourceforge.net/hibernate-configuration. Use namespace http://www.hibernate.org/dtd/hibernate-configuration instead.  Support for obsolete DTD/XSD namespaces may be removed at any time.
2016-02-09 14:17:15 INFO  Version:66 - HCANN000001: Hibernate Commons Annotations {5.0.1.Final}
2016-02-09 14:17:15 WARN  deprecation:75 - HHH90000012: Recognized obsolete hibernate namespace http://hibernate.sourceforge.net/hibernate-mapping. Use namespace http://www.hibernate.org/dtd/hibernate-mapping instead.  Support for obsolete DTD/XSD namespaces may be removed at any time.
2016-02-09 14:17:19 WARN  connections:71 - HHH10001002: Using Hibernate built-in connection pool (not for production use!)
2016-02-09 14:17:19 INFO  connections:127 - HHH10001005: using driver [org.postgresql.Driver] at URL [jdbc:postgresql://localhost:5432/GestPiz]
2016-02-09 14:17:19 INFO  connections:136 - HHH10001001: Connection properties: {user=postgres, password=****}
2016-02-09 14:17:19 INFO  connections:141 - HHH10001003: Autocommit mode: false
2016-02-09 14:17:19 INFO  DriverManagerConnectionProviderImpl:39 - HHH000115: Hibernate connection pool size: 1 (min=1)
2016-02-09 14:17:19 INFO  Dialect:156 - HHH000400: Using dialect: org.hibernate.dialect.PostgreSQLDialect
2016-02-09 14:17:20 INFO  LobCreatorBuilderImpl:124 - HHH000424: Disabling contextual LOB creation as createClob() method threw error : java.lang.reflect.InvocationTargetException
2016-02-09 14:17:20 INFO  BasicTypeRegistry:138 - HHH000270: Type registration [java.util.UUID] overrides previous : org.hibernate.type.UUIDBinaryType@3861d7
2016-02-09 14:17:20 INFO  EnversServiceImpl:91 - Envers integration enabled? : true
2016-02-09 14:17:34 INFO  Version:37 - HHH000412: Hibernate Core {5.0.7.Final}
2016-02-09 14:17:34 INFO  Environment:213 - HHH000206: hibernate.properties not found
2016-02-09 14:17:34 INFO  Environment:317 - HHH000021: Bytecode provider name : javassist
2016-02-09 14:17:34 WARN  deprecation:91 - HHH90000012: Recognized obsolete hibernate namespace http://hibernate.sourceforge.net/hibernate-configuration. Use namespace http://www.hibernate.org/dtd/hibernate-configuration instead.  Support for obsolete DTD/XSD namespaces may be removed at any time.
2016-02-09 14:17:35 INFO  Version:66 - HCANN000001: Hibernate Commons Annotations {5.0.1.Final}
2016-02-09 14:17:35 WARN  deprecation:75 - HHH90000012: Recognized obsolete hibernate namespace http://hibernate.sourceforge.net/hibernate-mapping. Use namespace http://www.hibernate.org/dtd/hibernate-mapping instead.  Support for obsolete DTD/XSD namespaces may be removed at any time.
2016-02-09 14:17:39 WARN  connections:71 - HHH10001002: Using Hibernate built-in connection pool (not for production use!)
2016-02-09 14:17:39 INFO  connections:127 - HHH10001005: using driver [org.postgresql.Driver] at URL [jdbc:postgresql://localhost:5432/GestPiz]
2016-02-09 14:17:39 INFO  connections:136 - HHH10001001: Connection properties: {user=postgres, password=****}
2016-02-09 14:17:39 INFO  connections:141 - HHH10001003: Autocommit mode: false
2016-02-09 14:17:39 INFO  DriverManagerConnectionProviderImpl:39 - HHH000115: Hibernate connection pool size: 1 (min=1)
2016-02-09 14:17:40 INFO  Dialect:156 - HHH000400: Using dialect: org.hibernate.dialect.PostgreSQLDialect
2016-02-09 14:17:41 INFO  LobCreatorBuilderImpl:124 - HHH000424: Disabling contextual LOB creation as createClob() method threw error : java.lang.reflect.InvocationTargetException
2016-02-09 14:17:41 INFO  BasicTypeRegistry:138 - HHH000270: Type registration [java.util.UUID] overrides previous : org.hibernate.type.UUIDBinaryType@671e20
2016-02-09 14:17:41 INFO  EnversServiceImpl:91 - Envers integration enabled? : true
2016-02-09 14:17:44 INFO  SchemaUpdate:105 - HHH000228: Running hbm2ddl schema update
2016-02-09 14:17:45 INFO  connections:235 - HHH10001008: Cleaning up connection pool [jdbc:postgresql://localhost:5432/GestPiz]
2016-02-09 14:18:24 INFO  Version:37 - HHH000412: Hibernate Core {5.0.7.Final}
2016-02-09 14:18:24 INFO  Environment:213 - HHH000206: hibernate.properties not found
2016-02-09 14:18:24 INFO  Environment:317 - HHH000021: Bytecode provider name : javassist
2016-02-09 14:18:24 WARN  deprecation:91 - HHH90000012: Recognized obsolete hibernate namespace http://hibernate.sourceforge.net/hibernate-configuration. Use namespace http://www.hibernate.org/dtd/hibernate-configuration instead.  Support for obsolete DTD/XSD namespaces may be removed at any time.
2016-02-09 14:18:25 INFO  Version:66 - HCANN000001: Hibernate Commons Annotations {5.0.1.Final}
2016-02-09 14:18:25 WARN  deprecation:75 - HHH90000012: Recognized obsolete hibernate namespace http://hibernate.sourceforge.net/hibernate-mapping. Use namespace http://www.hibernate.org/dtd/hibernate-mapping instead.  Support for obsolete DTD/XSD namespaces may be removed at any time.
2016-02-09 14:18:28 WARN  connections:71 - HHH10001002: Using Hibernate built-in connection pool (not for production use!)
2016-02-09 14:18:28 INFO  connections:127 - HHH10001005: using driver [org.postgresql.Driver] at URL [jdbc:postgresql://localhost:5432/GestPiz]
2016-02-09 14:18:28 INFO  connections:136 - HHH10001001: Connection properties: {user=postgres, password=****}
2016-02-09 14:18:28 INFO  connections:141 - HHH10001003: Autocommit mode: false
2016-02-09 14:18:28 INFO  DriverManagerConnectionProviderImpl:39 - HHH000115: Hibernate connection pool size: 1 (min=1)
2016-02-09 14:18:29 INFO  Dialect:156 - HHH000400: Using dialect: org.hibernate.dialect.PostgreSQLDialect
2016-02-09 14:18:30 INFO  LobCreatorBuilderImpl:124 - HHH000424: Disabling contextual LOB creation as createClob() method threw error : java.lang.reflect.InvocationTargetException
2016-02-09 14:18:30 INFO  BasicTypeRegistry:138 - HHH000270: Type registration [java.util.UUID] overrides previous : org.hibernate.type.UUIDBinaryType@671e20
2016-02-09 14:18:30 INFO  EnversServiceImpl:91 - Envers integration enabled? : true
2016-02-09 14:18:33 INFO  SchemaUpdate:105 - HHH000228: Running hbm2ddl schema update
2016-02-09 14:18:34 INFO  connections:235 - HHH10001008: Cleaning up connection pool [jdbc:postgresql://localhost:5432/GestPiz]
2016-02-09 14:20:42 INFO  Version:37 - HHH000412: Hibernate Core {5.0.7.Final}
2016-02-09 14:20:42 INFO  Environment:213 - HHH000206: hibernate.properties not found
2016-02-09 14:20:42 INFO  Environment:317 - HHH000021: Bytecode provider name : javassist
2016-02-09 14:20:42 WARN  deprecation:91 - HHH90000012: Recognized obsolete hibernate namespace http://hibernate.sourceforge.net/hibernate-configuration. Use namespace http://www.hibernate.org/dtd/hibernate-configuration instead.  Support for obsolete DTD/XSD namespaces may be removed at any time.
2016-02-09 14:20:43 INFO  Version:66 - HCANN000001: Hibernate Commons Annotations {5.0.1.Final}
2016-02-09 14:20:43 WARN  deprecation:75 - HHH90000012: Recognized obsolete hibernate namespace http://hibernate.sourceforge.net/hibernate-mapping. Use namespace http://www.hibernate.org/dtd/hibernate-mapping instead.  Support for obsolete DTD/XSD namespaces may be removed at any time.
2016-02-09 14:20:47 WARN  connections:71 - HHH10001002: Using Hibernate built-in connection pool (not for production use!)
2016-02-09 14:20:47 INFO  connections:127 - HHH10001005: using driver [org.postgresql.Driver] at URL [jdbc:postgresql://localhost:5432/GestPiz]
2016-02-09 14:20:47 INFO  connections:136 - HHH10001001: Connection properties: {user=postgres, password=****}
2016-02-09 14:20:47 INFO  connections:141 - HHH10001003: Autocommit mode: false
2016-02-09 14:20:47 INFO  DriverManagerConnectionProviderImpl:39 - HHH000115: Hibernate connection pool size: 1 (min=1)
2016-02-09 14:20:47 INFO  Dialect:156 - HHH000400: Using dialect: org.hibernate.dialect.PostgreSQLDialect
2016-02-09 14:20:48 INFO  LobCreatorBuilderImpl:124 - HHH000424: Disabling contextual LOB creation as createClob() method threw error : java.lang.reflect.InvocationTargetException
2016-02-09 14:20:48 INFO  BasicTypeRegistry:138 - HHH000270: Type registration [java.util.UUID] overrides previous : org.hibernate.type.UUIDBinaryType@671e20
2016-02-09 14:20:48 INFO  EnversServiceImpl:91 - Envers integration enabled? : true
2016-02-09 14:20:52 INFO  SchemaUpdate:105 - HHH000228: Running hbm2ddl schema update
2016-02-09 14:20:53 INFO  connections:235 - HHH10001008: Cleaning up connection pool [jdbc:postgresql://localhost:5432/GestPiz]
2016-02-09 14:22:57 INFO  Version:37 - HHH000412: Hibernate Core {5.0.7.Final}
2016-02-09 14:22:57 INFO  Environment:213 - HHH000206: hibernate.properties not found
2016-02-09 14:22:57 INFO  Environment:317 - HHH000021: Bytecode provider name : javassist
2016-02-09 14:22:57 WARN  deprecation:91 - HHH90000012: Recognized obsolete hibernate namespace http://hibernate.sourceforge.net/hibernate-configuration. Use namespace http://www.hibernate.org/dtd/hibernate-configuration instead.  Support for obsolete DTD/XSD namespaces may be removed at any time.
2016-02-09 14:22:58 INFO  Version:66 - HCANN000001: Hibernate Commons Annotations {5.0.1.Final}
2016-02-09 14:22:58 WARN  deprecation:75 - HHH90000012: Recognized obsolete hibernate namespace http://hibernate.sourceforge.net/hibernate-mapping. Use namespace http://www.hibernate.org/dtd/hibernate-mapping instead.  Support for obsolete DTD/XSD namespaces may be removed at any time.
2016-02-09 14:23:01 WARN  connections:71 - HHH10001002: Using Hibernate built-in connection pool (not for production use!)
2016-02-09 14:23:01 INFO  connections:127 - HHH10001005: using driver [org.postgresql.Driver] at URL [jdbc:postgresql://localhost:5432/GestPiz]
2016-02-09 14:23:01 INFO  connections:136 - HHH10001001: Connection properties: {user=postgres, password=****}
2016-02-09 14:23:01 INFO  connections:141 - HHH10001003: Autocommit mode: false
2016-02-09 14:23:01 INFO  DriverManagerConnectionProviderImpl:39 - HHH000115: Hibernate connection pool size: 1 (min=1)
2016-02-09 14:23:02 INFO  Dialect:156 - HHH000400: Using dialect: org.hibernate.dialect.PostgreSQLDialect
2016-02-09 14:23:02 INFO  LobCreatorBuilderImpl:124 - HHH000424: Disabling contextual LOB creation as createClob() method threw error : java.lang.reflect.InvocationTargetException
2016-02-09 14:23:02 INFO  BasicTypeRegistry:138 - HHH000270: Type registration [java.util.UUID] overrides previous : org.hibernate.type.UUIDBinaryType@14d26af
2016-02-09 14:23:02 INFO  EnversServiceImpl:91 - Envers integration enabled? : true
2016-02-09 14:23:05 INFO  SchemaUpdate:105 - HHH000228: Running hbm2ddl schema update
2016-02-09 14:23:05 INFO  connections:235 - HHH10001008: Cleaning up connection pool [jdbc:postgresql://localhost:5432/GestPiz]
2016-02-09 14:23:16 INFO  Version:37 - HHH000412: Hibernate Core {5.0.7.Final}
2016-02-09 14:23:16 INFO  Environment:213 - HHH000206: hibernate.properties not found
2016-02-09 14:23:16 INFO  Environment:317 - HHH000021: Bytecode provider name : javassist
2016-02-09 14:23:16 WARN  deprecation:91 - HHH90000012: Recognized obsolete hibernate namespace http://hibernate.sourceforge.net/hibernate-configuration. Use namespace http://www.hibernate.org/dtd/hibernate-configuration instead.  Support for obsolete DTD/XSD namespaces may be removed at any time.
2016-02-09 14:23:16 INFO  Version:66 - HCANN000001: Hibernate Commons Annotations {5.0.1.Final}
2016-02-09 14:23:16 WARN  deprecation:75 - HHH90000012: Recognized obsolete hibernate namespace http://hibernate.sourceforge.net/hibernate-mapping. Use namespace http://www.hibernate.org/dtd/hibernate-mapping instead.  Support for obsolete DTD/XSD namespaces may be removed at any time.
2016-02-09 14:23:19 WARN  connections:71 - HHH10001002: Using Hibernate built-in connection pool (not for production use!)
2016-02-09 14:23:19 INFO  connections:127 - HHH10001005: using driver [org.postgresql.Driver] at URL [jdbc:postgresql://localhost:5432/GestPiz]
2016-02-09 14:23:19 INFO  connections:136 - HHH10001001: Connection properties: {user=postgres, password=****}
2016-02-09 14:23:19 INFO  connections:141 - HHH10001003: Autocommit mode: false
2016-02-09 14:23:19 INFO  DriverManagerConnectionProviderImpl:39 - HHH000115: Hibernate connection pool size: 1 (min=1)
2016-02-09 14:23:20 INFO  Dialect:156 - HHH000400: Using dialect: org.hibernate.dialect.PostgreSQLDialect
2016-02-09 14:23:21 INFO  LobCreatorBuilderImpl:124 - HHH000424: Disabling contextual LOB creation as createClob() method threw error : java.lang.reflect.InvocationTargetException
2016-02-09 14:23:21 INFO  BasicTypeRegistry:138 - HHH000270: Type registration [java.util.UUID] overrides previous : org.hibernate.type.UUIDBinaryType@14d26af
2016-02-09 14:23:21 INFO  EnversServiceImpl:91 - Envers integration enabled? : true
2016-02-09 14:23:23 INFO  SchemaUpdate:105 - HHH000228: Running hbm2ddl schema update
2016-02-09 14:23:24 INFO  connections:235 - HHH10001008: Cleaning up connection pool [jdbc:postgresql://localhost:5432/GestPiz]
2016-02-09 14:24:04 INFO  Version:37 - HHH000412: Hibernate Core {5.0.7.Final}
2016-02-09 14:24:04 INFO  Environment:213 - HHH000206: hibernate.properties not found
2016-02-09 14:24:04 INFO  Environment:317 - HHH000021: Bytecode provider name : javassist
2016-02-09 14:24:04 WARN  deprecation:91 - HHH90000012: Recognized obsolete hibernate namespace http://hibernate.sourceforge.net/hibernate-configuration. Use namespace http://www.hibernate.org/dtd/hibernate-configuration instead.  Support for obsolete DTD/XSD namespaces may be removed at any time.
2016-02-09 14:24:05 INFO  Version:66 - HCANN000001: Hibernate Commons Annotations {5.0.1.Final}
2016-02-09 14:24:05 WARN  deprecation:75 - HHH90000012: Recognized obsolete hibernate namespace http://hibernate.sourceforge.net/hibernate-mapping. Use namespace http://www.hibernate.org/dtd/hibernate-mapping instead.  Support for obsolete DTD/XSD namespaces may be removed at any time.
2016-02-09 14:24:08 WARN  connections:71 - HHH10001002: Using Hibernate built-in connection pool (not for production use!)
2016-02-09 14:24:08 INFO  connections:127 - HHH10001005: using driver [org.postgresql.Driver] at URL [jdbc:postgresql://localhost:5432/GestPiz]
2016-02-09 14:24:08 INFO  connections:136 - HHH10001001: Connection properties: {user=postgres, password=****}
2016-02-09 14:24:08 INFO  connections:141 - HHH10001003: Autocommit mode: false
2016-02-09 14:24:08 INFO  DriverManagerConnectionProviderImpl:39 - HHH000115: Hibernate connection pool size: 1 (min=1)
2016-02-09 14:24:08 INFO  Dialect:156 - HHH000400: Using dialect: org.hibernate.dialect.PostgreSQLDialect
2016-02-09 14:24:09 INFO  LobCreatorBuilderImpl:124 - HHH000424: Disabling contextual LOB creation as createClob() method threw error : java.lang.reflect.InvocationTargetException
2016-02-09 14:24:09 INFO  BasicTypeRegistry:138 - HHH000270: Type registration [java.util.UUID] overrides previous : org.hibernate.type.UUIDBinaryType@14d26af
2016-02-09 14:24:09 INFO  EnversServiceImpl:91 - Envers integration enabled? : true
2016-02-09 14:24:11 INFO  SchemaUpdate:105 - HHH000228: Running hbm2ddl schema update
2016-02-09 14:24:12 INFO  connections:235 - HHH10001008: Cleaning up connection pool [jdbc:postgresql://localhost:5432/GestPiz]
2016-02-09 14:25:00 INFO  Version:37 - HHH000412: Hibernate Core {5.0.7.Final}
2016-02-09 14:25:00 INFO  Environment:213 - HHH000206: hibernate.properties not found
2016-02-09 14:25:00 INFO  Environment:317 - HHH000021: Bytecode provider name : javassist
2016-02-09 14:25:00 WARN  deprecation:91 - HHH90000012: Recognized obsolete hibernate namespace http://hibernate.sourceforge.net/hibernate-configuration. Use namespace http://www.hibernate.org/dtd/hibernate-configuration instead.  Support for obsolete DTD/XSD namespaces may be removed at any time.
2016-02-09 14:25:01 INFO  Version:66 - HCANN000001: Hibernate Commons Annotations {5.0.1.Final}
2016-02-09 14:25:01 WARN  deprecation:75 - HHH90000012: Recognized obsolete hibernate namespace http://hibernate.sourceforge.net/hibernate-mapping. Use namespace http://www.hibernate.org/dtd/hibernate-mapping instead.  Support for obsolete DTD/XSD namespaces may be removed at any time.
2016-02-09 14:25:04 WARN  connections:71 - HHH10001002: Using Hibernate built-in connection pool (not for production use!)
2016-02-09 14:25:04 INFO  connections:127 - HHH10001005: using driver [org.postgresql.Driver] at URL [jdbc:postgresql://localhost:5432/GestPiz]
2016-02-09 14:25:04 INFO  connections:136 - HHH10001001: Connection properties: {user=postgres, password=****}
2016-02-09 14:25:04 INFO  connections:141 - HHH10001003: Autocommit mode: false
2016-02-09 14:25:04 INFO  DriverManagerConnectionProviderImpl:39 - HHH000115: Hibernate connection pool size: 1 (min=1)
2016-02-09 14:25:04 INFO  Dialect:156 - HHH000400: Using dialect: org.hibernate.dialect.PostgreSQLDialect
2016-02-09 14:25:05 INFO  LobCreatorBuilderImpl:124 - HHH000424: Disabling contextual LOB creation as createClob() method threw error : java.lang.reflect.InvocationTargetException
2016-02-09 14:25:05 INFO  BasicTypeRegistry:138 - HHH000270: Type registration [java.util.UUID] overrides previous : org.hibernate.type.UUIDBinaryType@14d26af
2016-02-09 14:25:05 INFO  EnversServiceImpl:91 - Envers integration enabled? : true
2016-02-09 14:25:07 INFO  SchemaUpdate:105 - HHH000228: Running hbm2ddl schema update
2016-02-09 14:25:08 INFO  connections:235 - HHH10001008: Cleaning up connection pool [jdbc:postgresql://localhost:5432/GestPiz]
2016-02-09 14:25:18 INFO  Version:37 - HHH000412: Hibernate Core {5.0.7.Final}
2016-02-09 14:25:18 INFO  Environment:213 - HHH000206: hibernate.properties not found
2016-02-09 14:25:18 INFO  Environment:317 - HHH000021: Bytecode provider name : javassist
2016-02-09 14:25:19 WARN  deprecation:91 - HHH90000012: Recognized obsolete hibernate namespace http://hibernate.sourceforge.net/hibernate-configuration. Use namespace http://www.hibernate.org/dtd/hibernate-configuration instead.  Support for obsolete DTD/XSD namespaces may be removed at any time.
2016-02-09 14:25:19 INFO  Version:66 - HCANN000001: Hibernate Commons Annotations {5.0.1.Final}
2016-02-09 14:25:19 WARN  deprecation:75 - HHH90000012: Recognized obsolete hibernate namespace http://hibernate.sourceforge.net/hibernate-mapping. Use namespace http://www.hibernate.org/dtd/hibernate-mapping instead.  Support for obsolete DTD/XSD namespaces may be removed at any time.
2016-02-09 14:25:23 WARN  connections:71 - HHH10001002: Using Hibernate built-in connection pool (not for production use!)
2016-02-09 14:25:23 INFO  connections:127 - HHH10001005: using driver [org.postgresql.Driver] at URL [jdbc:postgresql://localhost:5432/GestPiz]
2016-02-09 14:25:23 INFO  connections:136 - HHH10001001: Connection properties: {user=postgres, password=****}
2016-02-09 14:25:23 INFO  connections:141 - HHH10001003: Autocommit mode: false
2016-02-09 14:25:23 INFO  DriverManagerConnectionProviderImpl:39 - HHH000115: Hibernate connection pool size: 1 (min=1)
2016-02-09 14:25:24 INFO  Dialect:156 - HHH000400: Using dialect: org.hibernate.dialect.PostgreSQLDialect
2016-02-09 14:25:25 INFO  LobCreatorBuilderImpl:124 - HHH000424: Disabling contextual LOB creation as createClob() method threw error : java.lang.reflect.InvocationTargetException
2016-02-09 14:25:25 INFO  BasicTypeRegistry:138 - HHH000270: Type registration [java.util.UUID] overrides previous : org.hibernate.type.UUIDBinaryType@3861d7
2016-02-09 14:25:25 INFO  EnversServiceImpl:91 - Envers integration enabled? : true
2016-02-09 14:25:28 INFO  SchemaUpdate:105 - HHH000228: Running hbm2ddl schema update
2016-02-09 14:25:29 INFO  connections:235 - HHH10001008: Cleaning up connection pool [jdbc:postgresql://localhost:5432/GestPiz]
